[tfamerce.vercel.app/index.html]
[backblue.gif]
[fade.gif]
[index.html]
[tfamerce.vercel.app/assets/icon/icomoon/style.css]
[tfamerce.vercel.app/assets/css/bootstrap.min.css]
[tfamerce.vercel.app/assets/css/swiper-bundle.min.css]
[tfamerce.vercel.app/assets/css/animate.css]
[tfamerce.vercel.app/assets/css/styles.css]
[tfamerce.vercel.app/assets/images/product/product-4.jpg]
[tfamerce.vercel.app/product-detail.html]
[tfamerce.vercel.app/index-2.html]
[tfamerce.vercel.app/home-mental.html]
[tfamerce.vercel.app/home-electronics.html]
[tfamerce.vercel.app/home-pod.html]
[tfamerce.vercel.app/home-pet-care.html]
[tfamerce.vercel.app/home-baby.html]
[tfamerce.vercel.app/home-auto.html]
[tfamerce.vercel.app/home-decor.html]
[tfamerce.vercel.app/home-cosmetic.html]
[tfamerce.vercel.app/home-organic.html]
[tfamerce.vercel.app/home-fashion.html]
[tfamerce.vercel.app/home-headphone.html]
[tfamerce.vercel.app/home-jewelry.html]
[tfamerce.vercel.app/home-garden.html]
[tfamerce.vercel.app/home-construction.html]
[tfamerce.vercel.app/home-furniture.html]
[tfamerce.vercel.app/home-fashion-2.html]
[tfamerce.vercel.app/home-bag-accessories.html]
[tfamerce.vercel.app/home-sport.html]
[tfamerce.vercel.app/home-office-equipment.html]
[tfamerce.vercel.app/home-sneaker.html]
[tfamerce.vercel.app/assets/images/section/amerce-html.jpg]
[tfamerce.vercel.app/shop-default.html]
[tfamerce.vercel.app/shop-left-sidebar.html]
[tfamerce.vercel.app/shop-right-sidebar.html]
[tfamerce.vercel.app/shop-full-width.html]
[tfamerce.vercel.app/collection.html]
[tfamerce.vercel.app/shop-sub-collection.html]
[tfamerce.vercel.app/shop-load-more-button.html]
[tfamerce.vercel.app/shop-infinity-scroll.html]
[tfamerce.vercel.app/shop-filter-sidebar.html]
[tfamerce.vercel.app/shop-filter-hidden.html]
[tfamerce.vercel.app/shop-filter-dropdown.html]
[tfamerce.vercel.app/shop-filter-drawer.html]
[tfamerce.vercel.app/shop-hover-01.html]
[tfamerce.vercel.app/shop-hover-02.html]
[tfamerce.vercel.app/shop-hover-03.html]
[tfamerce.vercel.app/shop-hover-04.html]
[tfamerce.vercel.app/shop-hover-05.html]
[tfamerce.vercel.app/shop-hover-06.html]
[tfamerce.vercel.app/wishlist.html]
[tfamerce.vercel.app/search-result.html]
[tfamerce.vercel.app/view-cart.html]
[tfamerce.vercel.app/login.html]
[tfamerce.vercel.app/forget-password.html]
[tfamerce.vercel.app/track-order.html]
[tfamerce.vercel.app/account-page.html]
[tfamerce.vercel.app/assets/images/collection/cls-7.jpg]
[tfamerce.vercel.app/product-right-thumbnail.html]
[tfamerce.vercel.app/product-bottom-thumbnail.html]
[tfamerce.vercel.app/product-grid.html]
[tfamerce.vercel.app/product-grid-2.html]
[tfamerce.vercel.app/product-stacked.html]
[tfamerce.vercel.app/product-description-accordion.html]
[tfamerce.vercel.app/product-inner-zoom.html]
[tfamerce.vercel.app/product-inner-circle-zoom.html]
[tfamerce.vercel.app/product-no-zoom.html]
[tfamerce.vercel.app/product-external-zoom.html]
[tfamerce.vercel.app/product-open-lightbox.html]
[tfamerce.vercel.app/product-video.html]
[tfamerce.vercel.app/product-3d.html]
[tfamerce.vercel.app/product-group.html]
[tfamerce.vercel.app/product-affiliate.html]
[tfamerce.vercel.app/product-out-of-stock.html]
[tfamerce.vercel.app/product-together.html]
[tfamerce.vercel.app/product-countdown-timer.html]
[tfamerce.vercel.app/product-volume-discount-thumbnail.html]
[tfamerce.vercel.app/product-available.html]
[tfamerce.vercel.app/product-pre-order.html]
[tfamerce.vercel.app/product-deals.html]
[tfamerce.vercel.app/product-customer-note.html]
[tfamerce.vercel.app/product-buyX-getY.html]
[tfamerce.vercel.app/product-swatch-color.html]
[tfamerce.vercel.app/product-swatch-image.html]
[tfamerce.vercel.app/product-swatch-rounded.html]
[tfamerce.vercel.app/product-swatch-rounded-color.html]
[tfamerce.vercel.app/product-swatch-rounded-image.html]
[tfamerce.vercel.app/product-swatch-dropdown.html]
[tfamerce.vercel.app/product-swatch-dropdown-color.html]
[tfamerce.vercel.app/assets/images/product/product-1.jpg]
[tfamerce.vercel.app/assets/images/product/product-1_2.jpg]
[tfamerce.vercel.app/assets/images/product/product-1_3.jpg]
[tfamerce.vercel.app/assets/images/product/product-1_4.jpg]
[tfamerce.vercel.app/assets/images/product/product-2.jpg]
[tfamerce.vercel.app/assets/images/product/product-2_2.jpg]
[tfamerce.vercel.app/assets/images/product/product-2_3.jpg]
[tfamerce.vercel.app/assets/images/product/product-3.jpg]
[tfamerce.vercel.app/assets/images/product/product-3_2.jpg]
[tfamerce.vercel.app/assets/images/product/product-3_3.jpg]
[tfamerce.vercel.app/assets/images/product/product-3_4.jpg]
[tfamerce.vercel.app/assets/images/product/product-4_2.jpg]
[tfamerce.vercel.app/blog.html]
[tfamerce.vercel.app/blog-single.html]
[tfamerce.vercel.app/about.html]
[tfamerce.vercel.app/contact.html]
[tfamerce.vercel.app/our-store.html]
[tfamerce.vercel.app/invoice.html]
[tfamerce.vercel.app/404.html]
[tfamerce.vercel.app/compare.html]
[tfamerce.vercel.app/assets/images/logo/logo.svg]
[tfamerce.vercel.app/assets/images/country/us.png]
[tfamerce.vercel.app/assets/images/country/vn.png]
[tfamerce.vercel.app/assets/images/slider/slider-1.jpg]
[tfamerce.vercel.app/assets/images/slider/slider-2.jpg]
[tfamerce.vercel.app/assets/images/slider/slider-3.jpg]
[tfamerce.vercel.app/assets/images/category/cate-1.jpg]
[tfamerce.vercel.app/assets/images/category/cate-2.jpg]
[tfamerce.vercel.app/assets/images/category/cate-3.jpg]
[tfamerce.vercel.app/assets/images/category/cate-4.jpg]
[tfamerce.vercel.app/assets/images/category/cate-5.jpg]
[tfamerce.vercel.app/assets/images/category/cate-6.jpg]
[tfamerce.vercel.app/assets/images/collection/cls-6.jpg]
[tfamerce.vercel.app/assets/images/collection/cls-8.jpg]
[tfamerce.vercel.app/assets/images/product/product-5.jpg]
[tfamerce.vercel.app/assets/images/product/product-5_2.jpg]
[tfamerce.vercel.app/assets/images/product/product-5_3.jpg]
[tfamerce.vercel.app/assets/images/product/product-5_4.jpg]
[tfamerce.vercel.app/assets/images/product/product-6.jpg]
[tfamerce.vercel.app/assets/images/product/product-6_2.jpg]
[tfamerce.vercel.app/assets/images/product/product-6_3.jpg]
[tfamerce.vercel.app/assets/images/product/product-7.jpg]
[tfamerce.vercel.app/assets/images/product/product-7_2.jpg]
[tfamerce.vercel.app/assets/images/product/product-7_3.jpg]
[tfamerce.vercel.app/assets/images/product/product-7_4.jpg]
[tfamerce.vercel.app/assets/images/product/product-8.jpg]
[tfamerce.vercel.app/assets/images/product/product-8_2.jpg]
[tfamerce.vercel.app/assets/images/product/product-8_3.jpg]
[tfamerce.vercel.app/assets/images/product/product-8_4.jpg]
[tfamerce.vercel.app/assets/images/section/banner-lookbook-1.jpg]
[tfamerce.vercel.app/assets/images/product/square/product-10.jpg]
[tfamerce.vercel.app/assets/images/product/square/product-3_3.jpg]
[tfamerce.vercel.app/assets/images/section/banner-lookbook-2.jpg]
[tfamerce.vercel.app/assets/images/product/square/product-11.jpg]
[tfamerce.vercel.app/assets/images/collection/cls-1.jpg]
[tfamerce.vercel.app/assets/images/collection/cls-2.jpg]
[tfamerce.vercel.app/assets/images/collection/cls-3.jpg]
[tfamerce.vercel.app/assets/images/collection/cls-4.jpg]
[tfamerce.vercel.app/assets/images/collection/cls-5.jpg]
[tfamerce.vercel.app/assets/images/testimonial/tes-1.jpg]
[tfamerce.vercel.app/assets/images/testimonial/tes-2.jpg]
[tfamerce.vercel.app/assets/images/gallery/gallery-1.jpg]
[tfamerce.vercel.app/assets/images/gallery/gallery-2.jpg]
[tfamerce.vercel.app/assets/images/gallery/gallery-3.jpg]
[tfamerce.vercel.app/assets/images/gallery/gallery-4.jpg]
[tfamerce.vercel.app/assets/images/gallery/gallery-5.jpg]
[tfamerce.vercel.app/shipping.html]
[tfamerce.vercel.app/return-and-refund.html]
[tfamerce.vercel.app/privacy-policy.html]
[tfamerce.vercel.app/term-and-condition.html]
[tfamerce.vercel.app/faq.html]
[tfamerce.vercel.app/assets/images/payment/visa.svg]
[tfamerce.vercel.app/assets/images/payment/amex.svg]
[tfamerce.vercel.app/assets/images/payment/paypal.svg]
[tfamerce.vercel.app/assets/images/payment/water.svg]
[tfamerce.vercel.app/assets/images/payment/discover.svg]
[tfamerce.vercel.app/assets/images/section/size-chart.jpg]
[tfamerce.vercel.app/assets/images/product/single/detail-1.jpg]
[tfamerce.vercel.app/assets/images/product/single/img_square/detail-1_2.jpg]
[tfamerce.vercel.app/assets/images/product/single/img_square/detail-1_5.jpg]
[tfamerce.vercel.app/checkout.html]
[tfamerce.vercel.app/assets/images/product/single/detail-1_2.jpg]
[tfamerce.vercel.app/assets/images/product/single/detail-1_3.jpg]
[tfamerce.vercel.app/assets/images/product/single/detail-1_5.jpg]
[tfamerce.vercel.app/assets/images/product/single/detail-1_6.jpg]
[tfamerce.vercel.app/assets/images/product/single/detail-1_7.jpg]
[tfamerce.vercel.app/assets/images/product/single/detail-1_8.jpg]
[tfamerce.vercel.app/assets/images/product/single/img_square/detail-1_7.jpg]
[tfamerce.vercel.app/assets/images/product/product-10.jpg]
[tfamerce.vercel.app/assets/images/section/banner-newsletter.jpg]
[tfamerce.vercel.app/assets/js/plugin/bootstrap.min.js]
[tfamerce.vercel.app/assets/js/plugin/jquery.min.js]
[tfamerce.vercel.app/assets/js/plugin/swiper-bundle.min.js]
[tfamerce.vercel.app/assets/js/plugin/bootstrap-select.min.js]
[tfamerce.vercel.app/assets/js/plugin/count-down.js]
[tfamerce.vercel.app/assets/js/plugin/infinityslide.js]
[tfamerce.vercel.app/assets/js/plugin/wow.min.js]
[tfamerce.vercel.app/assets/js/carousel.js]
[tfamerce.vercel.app/index.html]
[tfamerce.vercel.app/assets/fonts/fonts.css]
[tfamerce.vercel.app/assets/js/main.js]
[tfamerce.vercel.app/assets/icon/icomoon/fonts/icomoon5ce1.eot]
[tfamerce.vercel.app/assets/icon/icomoon/fonts/icomoon5ce1.ttf]
[tfamerce.vercel.app/assets/icon/icomoon/fonts/icomoon5ce1.woff]
[tfamerce.vercel.app/assets/icon/icomoon/style.css]
[tfamerce.vercel.app/assets/css/bootstrap.min.css]
[tfamerce.vercel.app/assets/css/swiper-bundle.min.css]
[tfamerce.vercel.app/assets/css/animate.css]
[tfamerce.vercel.app/assets/icon/icomoon/fonts/icomoon5ce1.svg]
[tfamerce.vercel.app/assets/css/bootstrap-select.min.css]
[tfamerce.vercel.app/assets/images/cursor-close.svg]
[tfamerce.vercel.app/assets/images/section/text-image.jpg]
[tfamerce.vercel.app/assets/css/styles.css]
[tfamerce.vercel.app/assets/images/logo/favicon.svg]
[tfamerce.vercel.app/assets/css/drift-basic.min.css]
[tfamerce.vercel.app/assets/css/photoswipe.css]
[tfamerce.vercel.app/assets/images/product/single/detail-1_4.jpg]
[tfamerce.vercel.app/assets/images/avatar/avatar-2.jpg]
[tfamerce.vercel.app/assets/images/avatar/avatar-1.jpg]
[tfamerce.vercel.app/assets/images/avatar/avatar-3.jpg]
[tfamerce.vercel.app/assets/js/plugin/drift.min.js]
[tfamerce.vercel.app/assets/js/zoom.js]
[tfamerce.vercel.app/assets/js/plugin/photoswipe-lightbox.umd.min.js]
[tfamerce.vercel.app/product-detail.html]
[tfamerce.vercel.app/index-2.html]
[tfamerce.vercel.app/assets/js/plugin/photoswipe.umd.min.js]
[tfamerce.vercel.app/assets/images/blog/blog-9.jpg]
[tfamerce.vercel.app/assets/images/product/mental/product-1.jpg]
[tfamerce.vercel.app/assets/images/product/mental/product-2.jpg]
[tfamerce.vercel.app/assets/images/product/mental/product-3.jpg]
[tfamerce.vercel.app/assets/images/slider/slider-4.jpg]
[tfamerce.vercel.app/assets/images/slider/slider-5.jpg]
[tfamerce.vercel.app/assets/images/slider/slider-6.jpg]
[tfamerce.vercel.app/assets/images/category/png/cate-1.png]
[tfamerce.vercel.app/assets/images/category/png/cate-2.png]
[tfamerce.vercel.app/assets/images/category/png/cate-3.png]
[tfamerce.vercel.app/assets/images/category/png/cate-4.png]
[tfamerce.vercel.app/assets/images/category/png/cate-5.png]
[tfamerce.vercel.app/assets/images/section/banner-1.jpg]
[tfamerce.vercel.app/assets/images/section/banner-2.jpg]
[tfamerce.vercel.app/assets/images/section/banner-3.jpg]
[tfamerce.vercel.app/assets/images/product/mental/product-4.jpg]
[tfamerce.vercel.app/assets/images/section/banner-4.jpg]
[tfamerce.vercel.app/assets/images/section/banner-5.jpg]
[tfamerce.vercel.app/assets/images/brand/findr.svg]
[tfamerce.vercel.app/assets/images/brand/intdeco.svg]
[tfamerce.vercel.app/assets/images/brand/sopify.svg]
[tfamerce.vercel.app/assets/images/brand/modave.svg]
[tfamerce.vercel.app/assets/images/brand/vanfava.svg]
[tfamerce.vercel.app/assets/images/product/mental/product-5.jpg]
[tfamerce.vercel.app/assets/images/product/mental/product-6.jpg]
[tfamerce.vercel.app/assets/images/section/banner-6.jpg]
[tfamerce.vercel.app/assets/images/section/banner-7.jpg]
[tfamerce.vercel.app/assets/images/product/mental/product-7.jpg]
[tfamerce.vercel.app/assets/images/product/mental/product-8.jpg]
[tfamerce.vercel.app/assets/images/product/mental/product-9.jpg]
[tfamerce.vercel.app/assets/images/section/banner-8.jpg]
[tfamerce.vercel.app/assets/images/blog/blog-7.jpg]
[tfamerce.vercel.app/assets/images/blog/blog-8.jpg]
[tfamerce.vercel.app/assets/images/product/mental/single/detail-1.jpg]
[tfamerce.vercel.app/assets/images/product/mental/single/detail-1_2.jpg]
[tfamerce.vercel.app/assets/images/product/mental/single/detail-1_3.jpg]
[tfamerce.vercel.app/assets/images/product/mental/single/detail-1_5.jpg]
[tfamerce.vercel.app/assets/images/product/mental/single/detail-1_6.jpg]
[tfamerce.vercel.app/home-mental.html]
[tfamerce.vercel.app/assets/images/collection/cls-12.jpg]
[tfamerce.vercel.app/assets/images/product/electronics/product-1.jpg]
[tfamerce.vercel.app/assets/images/product/electronics/product-2.jpg]
[tfamerce.vercel.app/assets/images/product/electronics/product-3.jpg]
[tfamerce.vercel.app/assets/images/category/electric/cate-1.jpg]
[tfamerce.vercel.app/assets/images/category/electric/cate-2.jpg]
[tfamerce.vercel.app/assets/images/category/electric/cate-3.jpg]
[tfamerce.vercel.app/assets/images/category/electric/cate-4.jpg]
[tfamerce.vercel.app/assets/images/category/electric/cate-5.jpg]
[tfamerce.vercel.app/assets/images/category/electric/cate-6.jpg]
[tfamerce.vercel.app/assets/images/category/electric/cate-7.jpg]
[tfamerce.vercel.app/assets/images/category/electric/cate-8.jpg]
[tfamerce.vercel.app/assets/images/slider/electronics/slider-1.jpg]
[tfamerce.vercel.app/assets/images/collection/cls-9.jpg]
[tfamerce.vercel.app/assets/images/collection/cls-10.jpg]
[tfamerce.vercel.app/assets/images/collection/cls-11.jpg]
[tfamerce.vercel.app/assets/images/product/electronics/product-4.jpg]
[tfamerce.vercel.app/assets/images/product/electronics/product-5.jpg]
[tfamerce.vercel.app/assets/images/product/electronics/product-6.jpg]
[tfamerce.vercel.app/assets/images/product/electronics/product-7.jpg]
[tfamerce.vercel.app/assets/images/product/electronics/product-8.jpg]
[tfamerce.vercel.app/assets/images/collection/cls-13.jpg]
[tfamerce.vercel.app/assets/images/collection/cls-14.jpg]
[tfamerce.vercel.app/assets/images/collection/cls-15.jpg]
[tfamerce.vercel.app/assets/images/collection/cls-16.jpg]
[tfamerce.vercel.app/assets/images/product/electronics/product-9.jpg]
[tfamerce.vercel.app/assets/images/product/electronics/product-10.jpg]
[tfamerce.vercel.app/assets/images/section/banner-9.jpg]
[tfamerce.vercel.app/assets/images/testimonial/thumbs/thumb-1.jpg]
[tfamerce.vercel.app/assets/images/testimonial/thumbs/thumb-2.jpg]
[tfamerce.vercel.app/assets/images/testimonial/thumbs/thumb-3.jpg]
[tfamerce.vercel.app/assets/images/blog/blog-10.jpg]
[tfamerce.vercel.app/assets/images/blog/blog-11.jpg]
[tfamerce.vercel.app/assets/images/blog/blog-12.jpg]
[tfamerce.vercel.app/assets/images/product/single/detail-4.jpg]
[tfamerce.vercel.app/assets/images/product/single/detail-4_2.jpg]
[tfamerce.vercel.app/assets/images/product/single/detail-4_3.jpg]
[tfamerce.vercel.app/assets/images/product/single/detail-4_4.jpg]
[tfamerce.vercel.app/assets/images/product/single/detail-4_5.jpg]
[tfamerce.vercel.app/assets/images/product/single/detail-4_6.jpg]
[tfamerce.vercel.app/assets/images/product/single/detail-4_7.jpg]
[tfamerce.vercel.app/home-electronics.html]
[tfamerce.vercel.app/assets/images/category/cate-11.jpg]
[tfamerce.vercel.app/assets/images/product/personal/product-1.jpg]
[tfamerce.vercel.app/assets/images/product/personal/product-2.jpg]
[tfamerce.vercel.app/assets/images/product/personal/product-3.jpg]
[tfamerce.vercel.app/assets/images/section/banner-10.jpg]
[tfamerce.vercel.app/assets/images/section/banner-11.jpg]
[tfamerce.vercel.app/assets/images/category/cate-7.jpg]
[tfamerce.vercel.app/assets/images/category/cate-8.jpg]
[tfamerce.vercel.app/assets/images/category/cate-9.jpg]
[tfamerce.vercel.app/assets/images/category/cate-10.jpg]
[tfamerce.vercel.app/assets/images/product/personal/product-4.jpg]
[tfamerce.vercel.app/assets/images/product/personal/product-5.jpg]
[tfamerce.vercel.app/assets/images/product/personal/product-6.jpg]
[tfamerce.vercel.app/assets/images/product/personal/product-7.jpg]
[tfamerce.vercel.app/assets/images/product/personal/product-8.jpg]
[tfamerce.vercel.app/assets/images/section/banner-lookbook-3.jpg]
[tfamerce.vercel.app/assets/images/lookbook/look-1.jpg]
[tfamerce.vercel.app/assets/images/section/banner-lookbook-4.jpg]
[tfamerce.vercel.app/assets/images/lookbook/look-2.jpg]
[tfamerce.vercel.app/assets/images/section/banner-12.jpg]
[tfamerce.vercel.app/assets/images/category/cate-12.jpg]
[tfamerce.vercel.app/assets/images/category/cate-13.jpg]
[tfamerce.vercel.app/assets/images/category/cate-14.jpg]
[tfamerce.vercel.app/assets/images/category/cate-15.jpg]
[tfamerce.vercel.app/assets/images/product/personal/product-9.jpg]
[tfamerce.vercel.app/assets/images/product/personal/product-10.jpg]
[tfamerce.vercel.app/assets/images/product/personal/product-11.jpg]
[tfamerce.vercel.app/assets/images/product/personal/product-12.jpg]
[tfamerce.vercel.app/assets/images/section/banner-13.jpg]
[tfamerce.vercel.app/assets/images/section/banner-14.jpg]
[tfamerce.vercel.app/assets/images/testimonial/tes-3.jpg]
[tfamerce.vercel.app/assets/images/product/personal/product-13.jpg]
[tfamerce.vercel.app/assets/images/testimonial/tes-4.jpg]
[tfamerce.vercel.app/assets/images/product/personal/product-14.jpg]
[tfamerce.vercel.app/assets/images/gallery/gallery-6.jpg]
[tfamerce.vercel.app/assets/images/gallery/gallery-7.jpg]
[tfamerce.vercel.app/assets/images/gallery/gallery-8.jpg]
[tfamerce.vercel.app/assets/images/gallery/gallery-9.jpg]
[tfamerce.vercel.app/assets/images/gallery/gallery-10.jpg]
[tfamerce.vercel.app/assets/images/gallery/gallery-11.jpg]
[tfamerce.vercel.app/home-pod.html]
[tfamerce.vercel.app/register.html]
[tfamerce.vercel.app/assets/images/logo/logo-white.svg]
[tfamerce.vercel.app/assets/images/blog/blog-13.jpg]
[tfamerce.vercel.app/assets/images/product/pet/product-1.jpg]
[tfamerce.vercel.app/assets/images/product/pet/product-2.jpg]
[tfamerce.vercel.app/assets/images/product/pet/product-3.jpg]
[tfamerce.vercel.app/assets/images/category/png/cate-6.png]
[tfamerce.vercel.app/assets/images/category/png/cate-7.png]
[tfamerce.vercel.app/assets/images/category/png/cate-8.png]
[tfamerce.vercel.app/assets/images/category/png/cate-9.png]
[tfamerce.vercel.app/assets/images/category/png/cate-10.png]
[tfamerce.vercel.app/assets/images/category/png/cate-11.png]
[tfamerce.vercel.app/assets/images/category/png/cate-12.png]
[tfamerce.vercel.app/assets/images/section/banner-15.jpg]
[tfamerce.vercel.app/assets/images/collection/cls-18.jpg]
[tfamerce.vercel.app/assets/images/collection/cls-17.jpg]
[tfamerce.vercel.app/assets/images/product/pet/product-4.jpg]
[tfamerce.vercel.app/assets/images/product/pet/product-5.jpg]
[tfamerce.vercel.app/assets/images/product/pet/product-6.jpg]
[tfamerce.vercel.app/assets/images/product/pet/product-7.jpg]
[tfamerce.vercel.app/assets/images/product/pet/product-8.jpg]
[tfamerce.vercel.app/assets/images/section/banner-lookbook-5.jpg]
[tfamerce.vercel.app/assets/images/product/pet/product-10.jpg]
[tfamerce.vercel.app/assets/images/product/pet/product-9.jpg]
[tfamerce.vercel.app/assets/images/section/banner-16.jpg]
[tfamerce.vercel.app/assets/images/section/banner-17.jpg]
[tfamerce.vercel.app/assets/images/section/banner-18.jpg]
[tfamerce.vercel.app/assets/images/product/single/pet/detail-1.jpg]
[tfamerce.vercel.app/assets/images/testimonial/tes-5.jpg]
[tfamerce.vercel.app/assets/images/product/pet/product-13.jpg]
[tfamerce.vercel.app/assets/images/testimonial/tes-6.jpg]
[tfamerce.vercel.app/assets/images/product/pet/product-14.jpg]
[tfamerce.vercel.app/assets/images/item/pet-leg.png]
[tfamerce.vercel.app/assets/images/blog/blog-14.jpg]
[tfamerce.vercel.app/assets/images/blog/blog-15.jpg]
[tfamerce.vercel.app/assets/images/gallery/gallery-12.jpg]
[tfamerce.vercel.app/assets/images/gallery/gallery-13.jpg]
[tfamerce.vercel.app/assets/images/gallery/gallery-14.jpg]
[tfamerce.vercel.app/assets/images/gallery/gallery-15.jpg]
[tfamerce.vercel.app/assets/images/gallery/gallery-16.jpg]
[tfamerce.vercel.app/assets/images/product/single/detail-6_2.jpg]
[tfamerce.vercel.app/assets/images/product/single/detail-6_3.jpg]
[tfamerce.vercel.app/assets/images/product/single/detail-6_4.jpg]
[tfamerce.vercel.app/home-pet-care.html]
[tfamerce.vercel.app/assets/images/category/cate-17.jpg]
[tfamerce.vercel.app/assets/images/product/baby/product-1.jpg]
[tfamerce.vercel.app/assets/images/product/baby/product-2.jpg]
[tfamerce.vercel.app/assets/images/product/baby/product-3.jpg]
[tfamerce.vercel.app/assets/images/slider/slider-7.jpg]
[tfamerce.vercel.app/assets/images/item/graphic-item.png]
[tfamerce.vercel.app/assets/images/slider/slider-8.jpg]
[tfamerce.vercel.app/assets/images/slider/slider-9.jpg]
[tfamerce.vercel.app/assets/images/section/policy-1.jpg]
[tfamerce.vercel.app/assets/images/section/policy-2.jpg]
[tfamerce.vercel.app/assets/images/section/policy-3.jpg]
[tfamerce.vercel.app/assets/images/section/policy-4.jpg]
[tfamerce.vercel.app/assets/images/category/cate-16.jpg]
[tfamerce.vercel.app/assets/images/category/cate-18.jpg]
[tfamerce.vercel.app/assets/images/category/cate-19.jpg]
[tfamerce.vercel.app/assets/images/category/cate-20.jpg]
[tfamerce.vercel.app/assets/images/product/baby/product-4.jpg]
[tfamerce.vercel.app/assets/images/product/baby/product-5.jpg]
[tfamerce.vercel.app/assets/images/product/baby/product-6.jpg]
[tfamerce.vercel.app/assets/images/product/baby/product-7.jpg]
[tfamerce.vercel.app/assets/images/product/baby/product-8.jpg]
[tfamerce.vercel.app/assets/images/section/banner-19.jpg]
[tfamerce.vercel.app/assets/images/section/banner-20.jpg]
[tfamerce.vercel.app/assets/images/section/banner-21.jpg]
[tfamerce.vercel.app/assets/images/product/baby/product-9.jpg]
[tfamerce.vercel.app/assets/images/product/baby/product-10.jpg]
[tfamerce.vercel.app/assets/images/product/baby/product-11.jpg]
[tfamerce.vercel.app/assets/images/product/baby/product-12.jpg]
[tfamerce.vercel.app/assets/images/product/baby/product-13.jpg]
[tfamerce.vercel.app/assets/images/product/baby/product-14.jpg]
[tfamerce.vercel.app/assets/images/section/banner-lookbook-6.jpg]
[tfamerce.vercel.app/assets/images/section/banner-lookbook-7.jpg]
[tfamerce.vercel.app/assets/images/avatar/avatar-4.jpg]
[tfamerce.vercel.app/assets/images/avatar/avatar-5.jpg]
[tfamerce.vercel.app/assets/images/avatar/avatar-6.jpg]
[tfamerce.vercel.app/assets/images/avatar/avatar-7.jpg]
[tfamerce.vercel.app/assets/images/blog/blog-16.jpg]
[tfamerce.vercel.app/assets/images/blog/blog-17.jpg]
[tfamerce.vercel.app/assets/images/blog/blog-18.jpg]
[tfamerce.vercel.app/assets/images/gallery/gallery-17.jpg]
[tfamerce.vercel.app/assets/images/gallery/gallery-18.jpg]
[tfamerce.vercel.app/assets/images/gallery/gallery-19.jpg]
[tfamerce.vercel.app/assets/images/gallery/gallery-20.jpg]
[tfamerce.vercel.app/assets/images/gallery/gallery-21.jpg]
[tfamerce.vercel.app/assets/images/product/single/detail-7_2.jpg]
[tfamerce.vercel.app/assets/images/product/single/detail-7_3.jpg]
[tfamerce.vercel.app/assets/images/product/single/detail-7_4.jpg]
[tfamerce.vercel.app/assets/images/product/single/detail-7_5.jpg]
[tfamerce.vercel.app/home-baby.html]
[tfamerce.vercel.app/assets/images/category/cate-21.jpg]
[tfamerce.vercel.app/assets/images/product/auto/product-5.jpg]
[tfamerce.vercel.app/assets/images/product/auto/product-6.jpg]
[tfamerce.vercel.app/assets/images/product/auto/product-7.jpg]
[tfamerce.vercel.app/assets/images/slider/slider-10.jpg]
[tfamerce.vercel.app/assets/images/slider/slider-11.jpg]
[tfamerce.vercel.app/assets/images/slider/slider-12.jpg]
[tfamerce.vercel.app/assets/images/section/banner-28.jpg]
[tfamerce.vercel.app/assets/images/section/banner-22.jpg]
[tfamerce.vercel.app/assets/images/category/cate-22.jpg]
[tfamerce.vercel.app/assets/images/category/cate-23.jpg]
[tfamerce.vercel.app/assets/images/category/cate-24.jpg]
[tfamerce.vercel.app/assets/images/category/cate-25.jpg]
[tfamerce.vercel.app/assets/images/category/cate-26.jpg]
[tfamerce.vercel.app/assets/images/product/auto/product-1.jpg]
[tfamerce.vercel.app/assets/images/product/auto/product-2.jpg]
[tfamerce.vercel.app/assets/images/product/auto/product-3.jpg]
[tfamerce.vercel.app/assets/images/product/auto/product-4.jpg]
[tfamerce.vercel.app/assets/images/section/banner-23.jpg]
[tfamerce.vercel.app/assets/images/section/banner-24.jpg]
[tfamerce.vercel.app/assets/images/section/banner-25.jpg]
[tfamerce.vercel.app/assets/images/product/auto/product-8.jpg]
[tfamerce.vercel.app/assets/images/product/auto/product-9.jpg]
[tfamerce.vercel.app/assets/images/section/bg-percent.png]
[tfamerce.vercel.app/assets/images/item/graphic-item-2.png]
[tfamerce.vercel.app/assets/images/product/auto/product-10.jpg]
[tfamerce.vercel.app/assets/images/product/auto/product-11.jpg]
[tfamerce.vercel.app/assets/images/product/auto/product-12.jpg]
[tfamerce.vercel.app/assets/images/section/banner-26.jpg]
[tfamerce.vercel.app/assets/images/section/banner-27.jpg]
[tfamerce.vercel.app/assets/images/blog/blog-19.jpg]
[tfamerce.vercel.app/assets/images/blog/blog-20.jpg]
[tfamerce.vercel.app/assets/images/blog/blog-21.jpg]
[tfamerce.vercel.app/assets/images/blog/blog-22.jpg]
[tfamerce.vercel.app/assets/images/product/single/detail-8_2.jpg]
[tfamerce.vercel.app/assets/images/product/single/detail-8_3.jpg]
[tfamerce.vercel.app/assets/images/product/single/detail-8_4.jpg]
[tfamerce.vercel.app/home-auto.html]
[tfamerce.vercel.app/assets/images/category/cate-28.jpg]
[tfamerce.vercel.app/assets/images/product/decor/product-1.jpg]
[tfamerce.vercel.app/assets/images/product/decor/product-2.jpg]
[tfamerce.vercel.app/assets/images/product/decor/product-3.jpg]
[tfamerce.vercel.app/assets/images/slider/slider-13.jpg]
[tfamerce.vercel.app/assets/images/slider/slider-14.jpg]
[tfamerce.vercel.app/assets/images/slider/slider-15.jpg]
[tfamerce.vercel.app/assets/images/section/policy-5.jpg]
[tfamerce.vercel.app/assets/images/section/policy-6.jpg]
[tfamerce.vercel.app/assets/images/section/policy-7.jpg]
[tfamerce.vercel.app/assets/images/category/cate-27.jpg]
[tfamerce.vercel.app/assets/images/category/cate-29.jpg]
[tfamerce.vercel.app/assets/images/category/cate-30.jpg]
[tfamerce.vercel.app/assets/images/category/cate-31.jpg]
[tfamerce.vercel.app/assets/images/product/decor/product-4.jpg]
[tfamerce.vercel.app/assets/images/section/banner-lookbook-8.jpg]
[tfamerce.vercel.app/assets/images/product/decor/product-5.jpg]
[tfamerce.vercel.app/assets/images/product/decor/product-6.jpg]
[tfamerce.vercel.app/assets/images/section/banner-lookbook-9.jpg]
[tfamerce.vercel.app/assets/images/brand/bohome.png]
[tfamerce.vercel.app/assets/images/brand/living.png]
[tfamerce.vercel.app/assets/images/brand/west-elm.png]
[tfamerce.vercel.app/assets/images/brand/anthro.png]
[tfamerce.vercel.app/assets/images/brand/stanza.png]
[tfamerce.vercel.app/assets/images/brand/urban.png]
[tfamerce.vercel.app/assets/images/brand/crate.png]
[tfamerce.vercel.app/assets/images/testimonial/thumbs/thumb-4.jpg]
[tfamerce.vercel.app/assets/images/testimonial/thumbs/thumb-5.jpg]
[tfamerce.vercel.app/assets/images/testimonial/thumbs/thumb-6.jpg]
[tfamerce.vercel.app/assets/images/testimonial/tes-7.jpg]
[tfamerce.vercel.app/assets/images/testimonial/tes-8.jpg]
[tfamerce.vercel.app/assets/images/section/banner-29.jpg]
[tfamerce.vercel.app/assets/images/gallery/gallery-22.jpg]
[tfamerce.vercel.app/assets/images/gallery/gallery-23.jpg]
[tfamerce.vercel.app/assets/images/gallery/gallery-24.jpg]
[tfamerce.vercel.app/assets/images/gallery/gallery-25.jpg]
[tfamerce.vercel.app/assets/images/gallery/gallery-26.jpg]
[tfamerce.vercel.app/assets/images/product/single/detail-9.jpg]
[tfamerce.vercel.app/assets/images/product/single/detail-9_2.jpg]
[tfamerce.vercel.app/assets/images/product/single/detail-9_3.jpg]
[tfamerce.vercel.app/assets/images/product/single/detail-9_4.jpg]
[tfamerce.vercel.app/home-decor.html]
[tfamerce.vercel.app/assets/js/plugin/parallaxie.js]
[tfamerce.vercel.app/assets/css/image-compare-viewer.min.css]
[tfamerce.vercel.app/assets/images/testimonial/tes-11.jpg]
[tfamerce.vercel.app/assets/images/product/cosmetic/product-1.jpg]
[tfamerce.vercel.app/assets/images/product/cosmetic/product-1_2.jpg]
[tfamerce.vercel.app/assets/images/product/cosmetic/product-2.jpg]
[tfamerce.vercel.app/assets/images/product/cosmetic/product-2_2.jpg]
[tfamerce.vercel.app/assets/images/product/cosmetic/product-2_3.jpg]
[tfamerce.vercel.app/assets/images/product/cosmetic/product-3.jpg]
[tfamerce.vercel.app/assets/images/product/cosmetic/product-3_2.jpg]
[tfamerce.vercel.app/assets/images/slider/slider-16.jpg]
[tfamerce.vercel.app/assets/images/slider/slider-17.jpg]
[tfamerce.vercel.app/assets/images/slider/slider-18.jpg]
[tfamerce.vercel.app/assets/images/product/cosmetic/product-4.jpg]
[tfamerce.vercel.app/assets/images/product/cosmetic/product-4_2.jpg]
[tfamerce.vercel.app/assets/images/section/banner-30.jpg]
[tfamerce.vercel.app/assets/images/section/banner-31.jpg]
[tfamerce.vercel.app/assets/images/product/cosmetic/product-5.jpg]
[tfamerce.vercel.app/assets/images/product/cosmetic/product-5_2.jpg]
[tfamerce.vercel.app/assets/images/product/cosmetic/product-6.jpg]
[tfamerce.vercel.app/assets/images/product/cosmetic/product-6_2.jpg]
[tfamerce.vercel.app/assets/images/product/cosmetic/product-6_3.jpg]
[tfamerce.vercel.app/assets/images/section/banner-lookbook-10.jpg]
[tfamerce.vercel.app/assets/images/product/single/detail-2.jpg]
[tfamerce.vercel.app/assets/images/product/single/detail-2_2.jpg]
[tfamerce.vercel.app/assets/images/product/single/detail-2_3.jpg]
[tfamerce.vercel.app/assets/images/product/single/detail-2_4.jpg]
[tfamerce.vercel.app/assets/images/product/single/detail-2_5.jpg]
[tfamerce.vercel.app/assets/images/section/banner-32.jpg]
[tfamerce.vercel.app/assets/images/testimonial/tes-12.jpg]
[tfamerce.vercel.app/assets/images/section/skin-before.jpg]
[tfamerce.vercel.app/assets/images/section/skin-after.jpg]
[tfamerce.vercel.app/assets/images/blog/blog-23.jpg]
[tfamerce.vercel.app/assets/images/blog/blog-24.jpg]
[tfamerce.vercel.app/assets/images/gallery/gallery-27.jpg]
[tfamerce.vercel.app/assets/images/gallery/gallery-28.jpg]
[tfamerce.vercel.app/assets/images/gallery/gallery-29.jpg]
[tfamerce.vercel.app/assets/images/gallery/gallery-30.jpg]
[tfamerce.vercel.app/assets/images/gallery/gallery-31.jpg]
[tfamerce.vercel.app/assets/js/plugin/image-compare-viewer.min.js]
[tfamerce.vercel.app/home-cosmetic.html]
[tfamerce.vercel.app/assets/js/plugin/image-compare-viewer.js]
[tfamerce.vercel.app/assets/images/section/banner-38.jpg]
[tfamerce.vercel.app/assets/images/product/organic/product-10.jpg]
[tfamerce.vercel.app/assets/images/product/organic/product-10_2.jpg]
[tfamerce.vercel.app/assets/images/product/organic/product-11.jpg]
[tfamerce.vercel.app/assets/images/product/organic/product-11_2.jpg]
[tfamerce.vercel.app/assets/images/product/organic/product-12.jpg]
[tfamerce.vercel.app/assets/images/product/organic/product-12_2.jpg]
[tfamerce.vercel.app/assets/images/slider/slider-19.jpg]
[tfamerce.vercel.app/assets/images/slider/slider-20.jpg]
[tfamerce.vercel.app/assets/images/slider/slider-21.jpg]
[tfamerce.vercel.app/assets/images/category/cate-32.jpg]
[tfamerce.vercel.app/assets/images/category/cate-33.jpg]
[tfamerce.vercel.app/assets/images/category/cate-34.jpg]
[tfamerce.vercel.app/assets/images/category/cate-35.jpg]
[tfamerce.vercel.app/assets/images/category/cate-36.jpg]
[tfamerce.vercel.app/assets/images/section/banner-33.jpg]
[tfamerce.vercel.app/assets/images/product/organic/product-1.jpg]
[tfamerce.vercel.app/assets/images/product/organic/product-1_2.jpg]
[tfamerce.vercel.app/assets/images/product/organic/product-2.jpg]
[tfamerce.vercel.app/assets/images/product/organic/product-2_2.jpg]
[tfamerce.vercel.app/assets/images/product/organic/product-3.jpg]
[tfamerce.vercel.app/assets/images/product/organic/product-3_2.jpg]
[tfamerce.vercel.app/assets/images/product/organic/product-4.jpg]
[tfamerce.vercel.app/assets/images/product/organic/product-4_2.jpg]
[tfamerce.vercel.app/assets/images/product/organic/product-5.jpg]
[tfamerce.vercel.app/assets/images/product/organic/product-5_2.jpg]
[tfamerce.vercel.app/assets/images/product/organic/product-6.jpg]
[tfamerce.vercel.app/assets/images/product/organic/product-6_2.jpg]
[tfamerce.vercel.app/assets/images/section/banner-34.jpg]
[tfamerce.vercel.app/assets/images/section/banner-35.jpg]
[tfamerce.vercel.app/assets/images/section/banner-36.jpg]
[tfamerce.vercel.app/assets/images/section/banner-37.jpg]
[tfamerce.vercel.app/assets/images/product/organic/product-13.jpg]
[tfamerce.vercel.app/assets/images/product/organic/product-13_2.jpg]
[tfamerce.vercel.app/assets/images/product/single/detail-3.jpg]
[tfamerce.vercel.app/assets/images/product/single/detail-3_2.jpg]
[tfamerce.vercel.app/assets/images/product/single/detail-3_3.jpg]
[tfamerce.vercel.app/assets/images/testimonial/tes-13.jpg]
[tfamerce.vercel.app/assets/images/product/organic/product-7.jpg]
[tfamerce.vercel.app/assets/images/testimonial/tes-14.jpg]
[tfamerce.vercel.app/assets/images/product/organic/product-8.jpg]
[tfamerce.vercel.app/assets/images/testimonial/tes-15.jpg]
[tfamerce.vercel.app/assets/images/product/organic/product-9.jpg]
[tfamerce.vercel.app/assets/images/gallery/gallery-32.jpg]
[tfamerce.vercel.app/assets/images/gallery/gallery-33.jpg]
[tfamerce.vercel.app/assets/images/gallery/gallery-34.jpg]
[tfamerce.vercel.app/assets/images/gallery/gallery-35.jpg]
[tfamerce.vercel.app/assets/images/gallery/gallery-36.jpg]
[tfamerce.vercel.app/home-organic.html]
[tfamerce.vercel.app/assets/images/collection/cls-39.jpg]
[tfamerce.vercel.app/assets/images/product/product-14.jpg]
[tfamerce.vercel.app/assets/images/product/product-14_2.jpg]
[tfamerce.vercel.app/assets/images/product/product-14_3.jpg]
[tfamerce.vercel.app/assets/images/product/product-14_4.jpg]
[tfamerce.vercel.app/assets/images/product/product-15.jpg]
[tfamerce.vercel.app/assets/images/product/product-15_2.jpg]
[tfamerce.vercel.app/assets/images/product/product-15_4.jpg]
[tfamerce.vercel.app/assets/images/product/product-15_5.24e.delayed]
[tfamerce.vercel.app/assets/images/product/product-15_3.jpg]
[tfamerce.vercel.app/assets/images/product/product-16.jpg]
[tfamerce.vercel.app/assets/images/product/product-16_2.jpg]
[tfamerce.vercel.app/assets/images/product/product-16_3.jpg]
[tfamerce.vercel.app/assets/images/slider/slider-22.jpg]
[tfamerce.vercel.app/assets/images/slider/slider-23.jpg]
[tfamerce.vercel.app/assets/images/slider/slider-24.jpg]
[tfamerce.vercel.app/assets/images/product/product-17.jpg]
[tfamerce.vercel.app/assets/images/product/product-17_2.jpg]
[tfamerce.vercel.app/assets/images/product/product-17_3.jpg]
[tfamerce.vercel.app/assets/images/category/cate-37.jpg]
[tfamerce.vercel.app/assets/images/category/cate-38.jpg]
[tfamerce.vercel.app/assets/images/category/cate-39.jpg]
[tfamerce.vercel.app/assets/images/category/cate-40.jpg]
[tfamerce.vercel.app/assets/images/category/cate-41.jpg]
[tfamerce.vercel.app/assets/images/section/banner-39.jpg]
[tfamerce.vercel.app/assets/images/product/product-18.jpg]
[tfamerce.vercel.app/assets/images/product/product-18_2.jpg]
[tfamerce.vercel.app/assets/images/product/product-18_3.jpg]
[tfamerce.vercel.app/assets/images/product/product-19.jpg]
[tfamerce.vercel.app/assets/images/product/product-19_2.jpg]
[tfamerce.vercel.app/assets/images/product/product-19_3.jpg]
[tfamerce.vercel.app/assets/images/product/product-19_4.jpg]
[tfamerce.vercel.app/assets/images/product/product-20.jpg]
[tfamerce.vercel.app/assets/images/product/product-20_2.jpg]
[tfamerce.vercel.app/assets/images/product/product-20_3.jpg]
[tfamerce.vercel.app/assets/images/product/product-21.jpg]
[tfamerce.vercel.app/assets/images/product/product-21_2.jpg]
[tfamerce.vercel.app/assets/images/product/product-21_3.jpg]
[tfamerce.vercel.app/assets/images/section/lookbook-prd-1.jpg]
[tfamerce.vercel.app/assets/images/section/lookbook-prd-2.jpg]
[tfamerce.vercel.app/assets/images/section/banner-lookbook-11.jpg]
[tfamerce.vercel.app/assets/images/testimonial/tes-16.jpg]
[tfamerce.vercel.app/assets/images/testimonial/tes-17.jpg]
[tfamerce.vercel.app/assets/images/testimonial/tes-18.jpg]
[tfamerce.vercel.app/assets/images/testimonial/tes-19.jpg]
[tfamerce.vercel.app/assets/images/section/banner-40.jpg]
[tfamerce.vercel.app/assets/images/gallery/gallery-37.jpg]
[tfamerce.vercel.app/assets/images/gallery/gallery-38.jpg]
[tfamerce.vercel.app/assets/images/gallery/gallery-39.jpg]
[tfamerce.vercel.app/assets/images/gallery/gallery-40.jpg]
[tfamerce.vercel.app/assets/images/gallery/gallery-41.jpg]
[tfamerce.vercel.app/assets/images/product/single/detail-12.jpg]
[tfamerce.vercel.app/assets/images/product/single/detail-12_2.jpg]
[tfamerce.vercel.app/assets/images/product/single/detail-12_3.jpg]
[tfamerce.vercel.app/assets/images/product/single/detail-12_4.jpg]
[tfamerce.vercel.app/assets/images/product/single/detail-12_5.jpg]
[tfamerce.vercel.app/assets/images/product/single/detail-12_6.jpg]
[tfamerce.vercel.app/assets/images/product/single/detail-12_7.jpg]
[tfamerce.vercel.app/home-fashion.html]
[tfamerce.vercel.app/assets/images/section/banner-46.jpg]
[tfamerce.vercel.app/assets/images/product/headphone/product-1.jpg]
[tfamerce.vercel.app/assets/images/product/headphone/product-1_1.jpg]
[tfamerce.vercel.app/assets/images/product/headphone/product-2.jpg]
[tfamerce.vercel.app/assets/images/product/headphone/product-2_1.jpg]
[tfamerce.vercel.app/assets/images/product/headphone/product-3.jpg]
[tfamerce.vercel.app/assets/images/product/headphone/product-3_1.jpg]
[tfamerce.vercel.app/assets/images/slider/slider-25.jpg]
[tfamerce.vercel.app/assets/images/slider/slider-26.jpg]
[tfamerce.vercel.app/assets/images/slider/slider-27.jpg]
[tfamerce.vercel.app/assets/images/section/policy-9.jpg]
[tfamerce.vercel.app/assets/images/section/policy-10.jpg]
[tfamerce.vercel.app/assets/images/section/policy-11.jpg]
[tfamerce.vercel.app/assets/images/section/banner-41.jpg]
[tfamerce.vercel.app/assets/images/section/banner-42.jpg]
[tfamerce.vercel.app/assets/images/section/banner-43.jpg]
[tfamerce.vercel.app/assets/images/section/banner-44.jpg]
[tfamerce.vercel.app/assets/images/section/banner-45.jpg]
[tfamerce.vercel.app/assets/images/product/headphone/product-4.jpg]
[tfamerce.vercel.app/assets/images/product/headphone/product-4_1.jpg]
[tfamerce.vercel.app/assets/images/product/headphone/product-5.jpg]
[tfamerce.vercel.app/assets/images/product/headphone/product-5_1.jpg]
[tfamerce.vercel.app/assets/images/product/headphone/product-6.jpg]
[tfamerce.vercel.app/assets/images/product/headphone/product-6_1.jpg]
[tfamerce.vercel.app/assets/images/product/headphone/product-7.jpg]
[tfamerce.vercel.app/assets/images/product/headphone/product-7_1.jpg]
[tfamerce.vercel.app/assets/images/section/true-sound.png]
[tfamerce.vercel.app/assets/images/section/headphone-before.jpg]
[tfamerce.vercel.app/assets/images/section/headphone-after.jpg]
[tfamerce.vercel.app/assets/images/testimonial/tes-21.jpg]
[tfamerce.vercel.app/assets/images/blog/blog-25.jpg]
[tfamerce.vercel.app/assets/images/blog/blog-26.jpg]
[tfamerce.vercel.app/assets/images/blog/blog-27.jpg]
[tfamerce.vercel.app/assets/images/product/single/img_square/detail-2.jpg]
[tfamerce.vercel.app/assets/images/product/single/img_square/detail-2_2.jpg]
[tfamerce.vercel.app/assets/images/product/single/img_square/detail-2_3.jpg]
[tfamerce.vercel.app/assets/images/product/single/img_square/detail-2_4.jpg]
[tfamerce.vercel.app/assets/images/product/single/img_square/detail-2_5.jpg]
[tfamerce.vercel.app/assets/images/product/single/img_square/detail-2_6.jpg]
[tfamerce.vercel.app/assets/images/product/single/img_square/detail-2_7.jpg]
[tfamerce.vercel.app/home-headphone.html]
[tfamerce.vercel.app/assets/images/collection/cls-40.jpg]
[tfamerce.vercel.app/assets/images/product/jewellry/product-1.jpg]
[tfamerce.vercel.app/assets/images/product/jewellry/product-1_1.jpg]
[tfamerce.vercel.app/assets/images/product/jewellry/product-2.jpg]
[tfamerce.vercel.app/assets/images/product/jewellry/product-2_1.jpg]
[tfamerce.vercel.app/assets/images/product/jewellry/product-3.jpg]
[tfamerce.vercel.app/assets/images/product/jewellry/product-3_1.jpg]
[tfamerce.vercel.app/assets/images/product/jewellry/product-4.jpg]
[tfamerce.vercel.app/assets/images/product/jewellry/product-4_1.jpg]
[tfamerce.vercel.app/assets/images/product/jewellry/product-5.jpg]
[tfamerce.vercel.app/assets/images/product/jewellry/product-5_1.jpg]
[tfamerce.vercel.app/assets/images/product/jewellry/product-6.jpg]
[tfamerce.vercel.app/assets/images/product/jewellry/product-6_1.jpg]
[tfamerce.vercel.app/assets/images/product/jewellry/product-7.jpg]
[tfamerce.vercel.app/assets/images/product/jewellry/product-7_1.jpg]
[tfamerce.vercel.app/assets/images/slider/slider-28.jpg]
[tfamerce.vercel.app/assets/images/slider/slider-29.jpg]
[tfamerce.vercel.app/assets/images/slider/slider-30.jpg]
[tfamerce.vercel.app/assets/images/category/cate-43.jpg]
[tfamerce.vercel.app/assets/images/category/cate-44.jpg]
[tfamerce.vercel.app/assets/images/category/cate-45.jpg]
[tfamerce.vercel.app/assets/images/category/cate-46.jpg]
[tfamerce.vercel.app/assets/images/category/cate-47.jpg]
[tfamerce.vercel.app/assets/images/collection/cls-27.jpg]
[tfamerce.vercel.app/assets/images/collection/cls-28.jpg]
[tfamerce.vercel.app/assets/images/collection/cls-29.jpg]
[tfamerce.vercel.app/assets/images/section/accordion-cls.jpg]
[tfamerce.vercel.app/assets/images/product/jewellry/product-8.jpg]
[tfamerce.vercel.app/assets/images/product/jewellry/product-8_1.jpg]
[tfamerce.vercel.app/assets/images/product/single/detail-5.jpg]
[tfamerce.vercel.app/assets/images/product/single/detail-5_1.jpg]
[tfamerce.vercel.app/assets/images/product/single/detail-5_2.jpg]
[tfamerce.vercel.app/assets/images/product/single/detail-5_4.jpg]
[tfamerce.vercel.app/assets/images/lookbook/look-3.jpg]
[tfamerce.vercel.app/assets/images/lookbook/look-4.jpg]
[tfamerce.vercel.app/assets/images/product/jewellry/product-lb-3.jpg]
[tfamerce.vercel.app/assets/images/product/jewellry/product-lb-1.jpg]
[tfamerce.vercel.app/assets/images/product/jewellry/product-lb-2.jpg]
[tfamerce.vercel.app/assets/images/product/jewellry/product-lb-4.jpg]
[tfamerce.vercel.app/assets/images/section/banner-47.jpg]
[tfamerce.vercel.app/assets/images/blog/blog-28.jpg]
[tfamerce.vercel.app/assets/images/blog/blog-29.jpg]
[tfamerce.vercel.app/assets/images/blog/blog-30.jpg]
[tfamerce.vercel.app/assets/images/blog/blog-31.jpg]
[tfamerce.vercel.app/assets/images/product/single/img_square/detail-3.jpg]
[tfamerce.vercel.app/assets/images/product/single/img_square/detail-3_4.jpg]
[tfamerce.vercel.app/assets/images/product/single/img_square/detail-3_6.jpg]
[tfamerce.vercel.app/assets/images/product/single/img_square/detail-3_2.jpg]
[tfamerce.vercel.app/assets/images/product/single/img_square/detail-3_3.jpg]
[tfamerce.vercel.app/assets/images/product/single/img_square/detail-3_5.jpg]
[tfamerce.vercel.app/assets/images/product/single/img_square/detail-3_7.jpg]
[tfamerce.vercel.app/assets/images/product/jewellry/product-1_2.jpg]
[tfamerce.vercel.app/assets/images/product/jewellry/product-1_3.jpg]
[tfamerce.vercel.app/assets/images/product/jewellry/product-2_2.jpg]
[tfamerce.vercel.app/assets/images/product/jewellry/product-2_3.jpg]
[tfamerce.vercel.app/assets/images/product/jewellry/product-3_2.jpg]
[tfamerce.vercel.app/assets/images/product/jewellry/product-5_2.jpg]
[tfamerce.vercel.app/assets/images/product/jewellry/product-5_3.jpg]
[tfamerce.vercel.app/assets/images/product/jewellry/product-6_2.jpg]
[tfamerce.vercel.app/home-jewelry.html]
[tfamerce.vercel.app/assets/images/collection/cls-41.jpg]
[tfamerce.vercel.app/assets/images/product/garden/product-7.jpg]
[tfamerce.vercel.app/assets/images/product/garden/product-8.jpg]
[tfamerce.vercel.app/assets/images/product/garden/product-9.jpg]
[tfamerce.vercel.app/assets/images/product/garden/product-10.jpg]
[tfamerce.vercel.app/assets/images/product/garden/product-1.jpg]
[tfamerce.vercel.app/assets/images/product/garden/product-2.jpg]
[tfamerce.vercel.app/assets/images/product/garden/product-3.jpg]
[tfamerce.vercel.app/assets/images/slider/slider-31.jpg]
[tfamerce.vercel.app/assets/images/item/garden-item-1.png]
[tfamerce.vercel.app/assets/images/slider/slider-32.jpg]
[tfamerce.vercel.app/assets/images/slider/slider-33.jpg]
[tfamerce.vercel.app/assets/images/section/banner-48.jpg]
[tfamerce.vercel.app/assets/images/product/garden/product-4.jpg]
[tfamerce.vercel.app/assets/images/product/garden/product-5.jpg]
[tfamerce.vercel.app/assets/images/product/garden/product-6.jpg]
[tfamerce.vercel.app/assets/images/section/banner-49.jpg]
[tfamerce.vercel.app/assets/images/section/banner-50.jpg]
[tfamerce.vercel.app/assets/images/section/banner-51.jpg]
[tfamerce.vercel.app/assets/images/section/banner-52.jpg]
[tfamerce.vercel.app/assets/images/section/plan-item-1.jpg]
[tfamerce.vercel.app/assets/images/item/garden-item-2.png]
[tfamerce.vercel.app/assets/images/section/plan-item-2.jpg]
[tfamerce.vercel.app/assets/images/section/banner-53.jpg]
[tfamerce.vercel.app/assets/images/testimonial/tes-22.jpg]
[tfamerce.vercel.app/assets/images/testimonial/tes-23.jpg]
[tfamerce.vercel.app/assets/images/testimonial/tes-24.jpg]
[tfamerce.vercel.app/assets/images/product/single/detail-10.jpg]
[tfamerce.vercel.app/assets/images/product/single/detail-10_1.jpg]
[tfamerce.vercel.app/assets/images/product/single/detail-10_2.jpg]
[tfamerce.vercel.app/assets/images/product/single/detail-10_3.jpg]
[tfamerce.vercel.app/assets/images/product/single/detail-10_4.jpg]
[tfamerce.vercel.app/assets/images/blog/blog-32.jpg]
[tfamerce.vercel.app/assets/images/blog/blog-33.jpg]
[tfamerce.vercel.app/assets/images/blog/blog-34.jpg]
[tfamerce.vercel.app/assets/images/gallery/gallery-42.jpg]
[tfamerce.vercel.app/assets/images/gallery/gallery-43.jpg]
[tfamerce.vercel.app/assets/images/gallery/gallery-44.jpg]
[tfamerce.vercel.app/assets/images/gallery/gallery-45.jpg]
[tfamerce.vercel.app/assets/images/gallery/gallery-46.jpg]
[tfamerce.vercel.app/home-garden.html]
[tfamerce.vercel.app/assets/images/collection/cls-42.jpg]
[tfamerce.vercel.app/assets/images/product/construction/product-9.jpg]
[tfamerce.vercel.app/assets/images/product/construction/product-10.jpg]
[tfamerce.vercel.app/assets/images/product/construction/product-2.jpg]
[tfamerce.vercel.app/assets/images/product/construction/product-11.jpg]
[tfamerce.vercel.app/assets/images/slider/slider-34.jpg]
[tfamerce.vercel.app/assets/images/slider/slider-35.jpg]
[tfamerce.vercel.app/assets/images/slider/slider-36.jpg]
[tfamerce.vercel.app/assets/images/category/cate-48.jpg]
[tfamerce.vercel.app/assets/images/category/cate-49.jpg]
[tfamerce.vercel.app/assets/images/category/cate-50.jpg]
[tfamerce.vercel.app/assets/images/category/cate-51.jpg]
[tfamerce.vercel.app/assets/images/category/cate-52.jpg]
[tfamerce.vercel.app/assets/images/category/cate-53.jpg]
[tfamerce.vercel.app/assets/images/category/cate-54.jpg]
[tfamerce.vercel.app/assets/images/category/cate-55.jpg]
[tfamerce.vercel.app/assets/images/category/cate-56.jpg]
[tfamerce.vercel.app/assets/images/category/cate-57.jpg]
[tfamerce.vercel.app/assets/images/section/banner-54.jpg]
[tfamerce.vercel.app/assets/images/product/construction/product-4.jpg]
[tfamerce.vercel.app/assets/images/product/construction/product-5.jpg]
[tfamerce.vercel.app/assets/images/product/construction/product-1.jpg]
[tfamerce.vercel.app/assets/images/product/construction/product-3.jpg]
[tfamerce.vercel.app/assets/images/product/construction/product-6.jpg]
[tfamerce.vercel.app/assets/images/product/construction/product-7.jpg]
[tfamerce.vercel.app/assets/images/product/construction/product-8.jpg]
[tfamerce.vercel.app/assets/images/product/construction/product-arrival.jpg]
[tfamerce.vercel.app/assets/images/section/banner-55.jpg]
[tfamerce.vercel.app/assets/images/section/banner-56.jpg]
[tfamerce.vercel.app/assets/images/section/banner-countdown.jpg]
[tfamerce.vercel.app/assets/images/section/banner-lookbook-12.jpg]
[tfamerce.vercel.app/assets/images/section/banner-lookbook-14.jpg]
[tfamerce.vercel.app/assets/images/brand/stanza-2.png]
[tfamerce.vercel.app/assets/images/product/single/detail-11.jpg]
[tfamerce.vercel.app/assets/images/product/single/detail-11_1.jpg]
[tfamerce.vercel.app/assets/images/product/single/detail-11_2.jpg]
[tfamerce.vercel.app/assets/images/product/single/detail-11_3.jpg]
[tfamerce.vercel.app/assets/images/product/single/detail-11_4.jpg]
[tfamerce.vercel.app/assets/images/blog/blog-35.jpg]
[tfamerce.vercel.app/assets/images/blog/blog-36.jpg]
[tfamerce.vercel.app/assets/images/blog/blog-37.jpg]
[tfamerce.vercel.app/assets/images/product/single/construction/prd-cart-1.jpg]
[tfamerce.vercel.app/assets/images/product/single/construction/prd-cart-1_2.jpg]
[tfamerce.vercel.app/assets/images/product/single/construction/prd-cart-1_3.jpg]
[tfamerce.vercel.app/assets/images/product/single/construction/prd-cart-1_4.jpg]
[tfamerce.vercel.app/home-construction.html]
[tfamerce.vercel.app/assets/images/gallery/gallery-49.jpg]
[tfamerce.vercel.app/assets/images/product/furniture/product-1.jpg]
[tfamerce.vercel.app/assets/images/product/furniture/product-1_2.jpg]
[tfamerce.vercel.app/assets/images/product/furniture/product-2.jpg]
[tfamerce.vercel.app/assets/images/product/furniture/product-2_2.jpg]
[tfamerce.vercel.app/assets/images/product/furniture/product-3.jpg]
[tfamerce.vercel.app/assets/images/product/furniture/product-3_2.jpg]
[tfamerce.vercel.app/assets/images/product/furniture/product-4.jpg]
[tfamerce.vercel.app/assets/images/product/furniture/product-4_2.jpg]
[tfamerce.vercel.app/assets/images/category/furniture/cate-1.jpg]
[tfamerce.vercel.app/assets/images/category/furniture/cate-2.jpg]
[tfamerce.vercel.app/assets/images/category/furniture/cate-3.jpg]
[tfamerce.vercel.app/assets/images/category/furniture/cate-4.jpg]
[tfamerce.vercel.app/assets/images/category/furniture/cate-5.jpg]
[tfamerce.vercel.app/assets/images/category/furniture/cate-6.jpg]
[tfamerce.vercel.app/assets/images/slider/furniture/slider-1.jpg]
[tfamerce.vercel.app/assets/images/product/furniture/product-5.jpg]
[tfamerce.vercel.app/assets/images/product/furniture/product-5_2.jpg]
[tfamerce.vercel.app/assets/images/product/furniture/product-6.jpg]
[tfamerce.vercel.app/assets/images/product/furniture/product-6_2.jpg]
[tfamerce.vercel.app/assets/images/product/furniture/product-7.jpg]
[tfamerce.vercel.app/assets/images/product/furniture/product-7_2.jpg]
[tfamerce.vercel.app/assets/images/product/furniture/product-8.jpg]
[tfamerce.vercel.app/assets/images/product/furniture/product-8_2.jpg]
[tfamerce.vercel.app/assets/images/product/furniture/no-bg/product-1.png]
[tfamerce.vercel.app/assets/images/product/furniture/no-bg/product-5.png]
[tfamerce.vercel.app/assets/images/product/furniture/no-bg/product-7.png]
[tfamerce.vercel.app/assets/images/section/furniture-banner-2.jpg]
[tfamerce.vercel.app/assets/images/collection/furniture/cls-1.jpg]
[tfamerce.vercel.app/assets/images/collection/furniture/cls-2.jpg]
[tfamerce.vercel.app/assets/images/collection/furniture/cls-3.jpg]
[tfamerce.vercel.app/assets/images/lookbook/look-5.jpg]
[tfamerce.vercel.app/assets/images/product/furniture/product-9.jpg]
[tfamerce.vercel.app/assets/images/section/furniture-banner-1.jpg]
[tfamerce.vercel.app/assets/images/product/furniture/product-9_2.jpg]
[tfamerce.vercel.app/assets/images/product/furniture/product-10.jpg]
[tfamerce.vercel.app/assets/images/product/furniture/product-10_2.jpg]
[tfamerce.vercel.app/assets/images/product/furniture/product-11.jpg]
[tfamerce.vercel.app/assets/images/product/furniture/product-11_2.jpg]
[tfamerce.vercel.app/assets/images/product/furniture/product-12.jpg]
[tfamerce.vercel.app/assets/images/product/furniture/product-12_2.jpg]
[tfamerce.vercel.app/assets/images/blog/blog-38.jpg]
[tfamerce.vercel.app/assets/images/blog/blog-39.jpg]
[tfamerce.vercel.app/assets/images/blog/blog-40.jpg]
[tfamerce.vercel.app/assets/images/blog/blog-41.jpg]
[tfamerce.vercel.app/assets/images/gallery/gallery-47.jpg]
[tfamerce.vercel.app/assets/images/gallery/gallery-48.jpg]
[tfamerce.vercel.app/assets/images/gallery/gallery-50.jpg]
[tfamerce.vercel.app/assets/images/gallery/gallery-51.jpg]
[tfamerce.vercel.app/assets/images/product/furniture/product-1_3.jpg]
[tfamerce.vercel.app/assets/images/product/furniture/product-1_4.jpg]
[tfamerce.vercel.app/assets/images/product/furniture/product-1_5.jpg]
[tfamerce.vercel.app/home-furniture.html]
[tfamerce.vercel.app/assets/images/slider/fashion-2/slider-1.jpg]
[tfamerce.vercel.app/assets/images/slider/fashion-2/slider-2.jpg]
[tfamerce.vercel.app/assets/images/slider/fashion-2/slider-3.jpg]
[tfamerce.vercel.app/assets/images/category/fashion-2/cate-1.jpg]
[tfamerce.vercel.app/assets/images/category/fashion-2/cate-2.jpg]
[tfamerce.vercel.app/assets/images/category/fashion-2/cate-3.jpg]
[tfamerce.vercel.app/assets/images/category/fashion-2/cate-4.jpg]
[tfamerce.vercel.app/assets/images/category/fashion-2/cate-5.jpg]
[tfamerce.vercel.app/assets/images/product/fashion-2/product-1.jpg]
[tfamerce.vercel.app/assets/images/product/fashion-2/product-1_2.jpg]
[tfamerce.vercel.app/assets/images/product/fashion-2/product-1_4.jpg]
[tfamerce.vercel.app/assets/images/product/fashion-2/product-1_6.jpg]
[tfamerce.vercel.app/assets/images/product/fashion-2/product-2.jpg]
[tfamerce.vercel.app/assets/images/product/fashion-2/product-2_2.jpg]
[tfamerce.vercel.app/assets/images/product/fashion-2/product-3.jpg]
[tfamerce.vercel.app/assets/images/product/fashion-2/product-3_2.jpg]
[tfamerce.vercel.app/assets/images/product/fashion-2/product-4.jpg]
[tfamerce.vercel.app/assets/images/product/fashion-2/product-4_2.jpg]
[tfamerce.vercel.app/assets/images/product/fashion-2/product-5.jpg]
[tfamerce.vercel.app/assets/images/product/fashion-2/product-5_2.jpg]
[tfamerce.vercel.app/assets/images/product/fashion-2/product-5_3.jpg]
[tfamerce.vercel.app/assets/images/product/fashion-2/product-6.jpg]
[tfamerce.vercel.app/assets/images/product/fashion-2/product-6_2.jpg]
[tfamerce.vercel.app/assets/images/product/fashion-2/product-6_3.jpg]
[tfamerce.vercel.app/assets/images/product/fashion-2/product-7.jpg]
[tfamerce.vercel.app/assets/images/product/fashion-2/product-7_2.jpg]
[tfamerce.vercel.app/assets/images/product/fashion-2/product-7_3.jpg]
[tfamerce.vercel.app/assets/images/product/fashion-2/product-8.jpg]
[tfamerce.vercel.app/assets/images/product/fashion-2/product-8_2.jpg]
[tfamerce.vercel.app/assets/images/product/fashion-2/product-8_3.jpg]
[tfamerce.vercel.app/assets/images/product/fashion-2/product-8_4.jpg]
[tfamerce.vercel.app/assets/images/product/fashion-2/square/product-1_2.jpg]
[tfamerce.vercel.app/assets/images/product/fashion-2/square/product-2_2.jpg]
[tfamerce.vercel.app/assets/images/product/fashion-2/square/product-4_2.jpg]
[tfamerce.vercel.app/assets/images/product/fashion-2/product-12.jpg]
[tfamerce.vercel.app/assets/images/product/fashion-2/product-13.jpg]
[tfamerce.vercel.app/assets/images/product/fashion-2/product-15.jpg]
[tfamerce.vercel.app/assets/images/collection/fashion-2/cls-1.jpg]
[tfamerce.vercel.app/assets/images/collection/fashion-2/cls-2.jpg]
[tfamerce.vercel.app/assets/images/collection/fashion-2/cls-3.jpg]
[tfamerce.vercel.app/assets/images/collection/fashion-2/cls-4.jpg]
[tfamerce.vercel.app/assets/images/collection/cls-34.jpg]
[tfamerce.vercel.app/assets/images/collection/cls-35.jpg]
[tfamerce.vercel.app/assets/images/collection/cls-36.jpg]
[tfamerce.vercel.app/assets/images/collection/cls-37.jpg]
[tfamerce.vercel.app/assets/images/collection/cls-38.jpg]
[tfamerce.vercel.app/assets/images/product/fashion-2/product-9.jpg]
[tfamerce.vercel.app/assets/images/product/fashion-2/product-9_2.jpg]
[tfamerce.vercel.app/assets/images/product/fashion-2/product-9_3.jpg]
[tfamerce.vercel.app/assets/images/product/fashion-2/product-10.jpg]
[tfamerce.vercel.app/assets/images/product/fashion-2/product-10_2.jpg]
[tfamerce.vercel.app/assets/images/product/fashion-2/product-11.jpg]
[tfamerce.vercel.app/assets/images/product/fashion-2/product-11_2.jpg]
[tfamerce.vercel.app/assets/images/product/fashion-2/product-11_3.jpg]
[tfamerce.vercel.app/assets/images/product/fashion-2/product-11_4.jpg]
[tfamerce.vercel.app/assets/images/product/fashion-2/square/product-1.jpg]
[tfamerce.vercel.app/assets/images/product/fashion-2/square/product-2.jpg]
[tfamerce.vercel.app/assets/images/product/fashion-2/square/product-3.jpg]
[tfamerce.vercel.app/assets/images/gallery/gallery-52.jpg]
[tfamerce.vercel.app/assets/images/gallery/gallery-53.jpg]
[tfamerce.vercel.app/assets/images/gallery/gallery-54.jpg]
[tfamerce.vercel.app/assets/images/gallery/gallery-55.jpg]
[tfamerce.vercel.app/assets/images/gallery/gallery-56.jpg]
[tfamerce.vercel.app/home-fashion-2.html]
[tfamerce.vercel.app/assets/images/category/cate-59.jpg]
[tfamerce.vercel.app/assets/images/product/bag/product-1.jpg]
[tfamerce.vercel.app/assets/images/product/bag/product-1_2.jpg]
[tfamerce.vercel.app/assets/images/product/bag/product-2.jpg]
[tfamerce.vercel.app/assets/images/product/bag/product-2_2.jpg]
[tfamerce.vercel.app/assets/images/product/bag/product-3.jpg]
[tfamerce.vercel.app/assets/images/product/bag/product-3_2.jpg]
[tfamerce.vercel.app/assets/images/product/bag/product-3_3.jpg]
[tfamerce.vercel.app/assets/images/collection/bag/cls-1.jpg]
[tfamerce.vercel.app/assets/images/collection/bag/cls-2.jpg]
[tfamerce.vercel.app/assets/images/collection/bag/cls-3.jpg]
[tfamerce.vercel.app/assets/images/category/cate-58.jpg]
[tfamerce.vercel.app/assets/images/category/cate-60.jpg]
[tfamerce.vercel.app/assets/images/category/cate-61.jpg]
[tfamerce.vercel.app/assets/images/category/cate-62.jpg]
[tfamerce.vercel.app/assets/images/category/cate-63.jpg]
[tfamerce.vercel.app/assets/images/product/bag/product-4.jpg]
[tfamerce.vercel.app/assets/images/product/bag/product-4_2.jpg]
[tfamerce.vercel.app/assets/images/product/bag/product-5.jpg]
[tfamerce.vercel.app/assets/images/product/bag/product-5_2.jpg]
[tfamerce.vercel.app/assets/images/product/bag/product-5_3.jpg]
[tfamerce.vercel.app/assets/images/product/bag/product-6.jpg]
[tfamerce.vercel.app/assets/images/product/bag/product-6_2.jpg]
[tfamerce.vercel.app/assets/images/product/bag/product-7.jpg]
[tfamerce.vercel.app/assets/images/product/bag/product-7_2.jpg]
[tfamerce.vercel.app/assets/images/product/bag/product-7_3.jpg]
[tfamerce.vercel.app/assets/images/product/bag/product-8.jpg]
[tfamerce.vercel.app/assets/images/product/bag/product-8_2.jpg]
[tfamerce.vercel.app/assets/images/section/banner-57.jpg]
[tfamerce.vercel.app/assets/images/section/banner-58.jpg]
[tfamerce.vercel.app/assets/images/product/bag/product-9.jpg]
[tfamerce.vercel.app/assets/images/product/bag/product-9_2.jpg]
[tfamerce.vercel.app/assets/images/product/bag/product-10.jpg]
[tfamerce.vercel.app/assets/images/product/bag/product-10_2.jpg]
[tfamerce.vercel.app/assets/images/brand/shangxi.svg]
[tfamerce.vercel.app/assets/images/brand/cheryl.svg]
[tfamerce.vercel.app/assets/images/brand/vanfaba.svg]
[tfamerce.vercel.app/assets/images/brand/carolin.svg]
[tfamerce.vercel.app/assets/images/brand/panadoxn.svg]
[tfamerce.vercel.app/assets/images/brand/textitles.svg]
[tfamerce.vercel.app/assets/images/lookbook/look-7.jpg]
[tfamerce.vercel.app/assets/images/product/bag/square/product-3.jpg]
[tfamerce.vercel.app/assets/images/lookbook/look-8.jpg]
[tfamerce.vercel.app/assets/images/product/bag/square/product-4.jpg]
[tfamerce.vercel.app/assets/images/lookbook/look-9.jpg]
[tfamerce.vercel.app/assets/images/product/bag/square/product-5.jpg]
[tfamerce.vercel.app/assets/images/testimonial/tes-25.jpg]
[tfamerce.vercel.app/assets/images/product/bag/square/product-1.jpg]
[tfamerce.vercel.app/assets/images/testimonial/tes-26.jpg]
[tfamerce.vercel.app/assets/images/product/bag/square/product-2.jpg]
[tfamerce.vercel.app/assets/images/gallery/gallery-57.jpg]
[tfamerce.vercel.app/assets/images/gallery/gallery-58.jpg]
[tfamerce.vercel.app/assets/images/gallery/gallery-59.jpg]
[tfamerce.vercel.app/assets/images/gallery/gallery-60.jpg]
[tfamerce.vercel.app/assets/images/gallery/gallery-61.jpg]
[tfamerce.vercel.app/assets/images/product/bag/product-7_4.jpg]
[tfamerce.vercel.app/home-bag-accessories.html]
[tfamerce.vercel.app/assets/images/section/banner-60.jpg]
[tfamerce.vercel.app/assets/images/product/sport/product-1.jpg]
[tfamerce.vercel.app/assets/images/product/sport/product-1_2.jpg]
[tfamerce.vercel.app/assets/images/product/sport/product-1_4.jpg]
[tfamerce.vercel.app/assets/images/product/sport/product-1_6.jpg]
[tfamerce.vercel.app/assets/images/product/sport/product-2.jpg]
[tfamerce.vercel.app/assets/images/product/sport/product-2_2.jpg]
[tfamerce.vercel.app/assets/images/product/sport/product-2_3.jpg]
[tfamerce.vercel.app/assets/images/product/sport/product-3.jpg]
[tfamerce.vercel.app/assets/images/product/sport/product-3_2.jpg]
[tfamerce.vercel.app/assets/images/section/banner-59.jpg]
[tfamerce.vercel.app/assets/images/section/banner-61.jpg]
[tfamerce.vercel.app/assets/images/product/sport/product-4.jpg]
[tfamerce.vercel.app/assets/images/product/sport/product-4_2.jpg]
[tfamerce.vercel.app/assets/images/product/sport/product-4_3.jpg]
[tfamerce.vercel.app/assets/images/product/sport/product-4_4.jpg]
[tfamerce.vercel.app/assets/images/product/sport/product-5.jpg]
[tfamerce.vercel.app/assets/images/product/sport/product-5_2.jpg]
[tfamerce.vercel.app/assets/images/product/sport/product-5_3.jpg]
[tfamerce.vercel.app/assets/images/product/sport/product-6.jpg]
[tfamerce.vercel.app/assets/images/product/sport/product-6_2.jpg]
[tfamerce.vercel.app/assets/images/product/sport/product-6_3.jpg]
[tfamerce.vercel.app/assets/images/product/sport/product-6_4.jpg]
[tfamerce.vercel.app/assets/images/product/sport/product-7.jpg]
[tfamerce.vercel.app/assets/images/product/sport/product-7_2.jpg]
[tfamerce.vercel.app/assets/images/product/sport/product-7_3.jpg]
[tfamerce.vercel.app/assets/images/product/sport/product-8.jpg]
[tfamerce.vercel.app/assets/images/product/sport/product-8_2.jpg]
[tfamerce.vercel.app/assets/images/product/sport/product-8_3.jpg]
[tfamerce.vercel.app/assets/images/product/sport/product-8_4.jpg]
[tfamerce.vercel.app/assets/images/section/banner-62.jpg]
[tfamerce.vercel.app/assets/images/section/banner-63.jpg]
[tfamerce.vercel.app/assets/images/section/banner-64.jpg]
[tfamerce.vercel.app/assets/images/section/sport-tab-1.jpg]
[tfamerce.vercel.app/assets/images/section/sport-tab-2.jpg]
[tfamerce.vercel.app/assets/images/section/sport-tab-3.jpg]
[tfamerce.vercel.app/assets/images/section/sport-tab-4.jpg]
[tfamerce.vercel.app/assets/images/lookbook/look-10.jpg]
[tfamerce.vercel.app/assets/images/lookbook/look-11.jpg]
[tfamerce.vercel.app/assets/images/product/sport/product-9.jpg]
[tfamerce.vercel.app/assets/images/product/sport/product-9_2.jpg]
[tfamerce.vercel.app/assets/images/product/sport/product-9_3.jpg]
[tfamerce.vercel.app/assets/images/product/sport/product-9_4.jpg]
[tfamerce.vercel.app/assets/images/testimonial/tes-27.jpg]
[tfamerce.vercel.app/assets/images/testimonial/tes-28.jpg]
[tfamerce.vercel.app/assets/images/product/sport/product-10.jpg]
[tfamerce.vercel.app/assets/images/gallery/gallery-62.jpg]
[tfamerce.vercel.app/assets/images/gallery/gallery-63.jpg]
[tfamerce.vercel.app/assets/images/gallery/gallery-64.jpg]
[tfamerce.vercel.app/assets/images/gallery/gallery-65.jpg]
[tfamerce.vercel.app/assets/images/gallery/gallery-66.jpg]
[tfamerce.vercel.app/assets/images/product/sport/product-1_3.jpg]
[tfamerce.vercel.app/assets/images/product/sport/product-1_5.jpg]
[tfamerce.vercel.app/assets/images/product/sport/product-1_7.jpg]
[tfamerce.vercel.app/home-sport.html]
[tfamerce.vercel.app/assets/images/category/office/cate-1.jpg]
[tfamerce.vercel.app/assets/images/product/office/product-1.jpg]
[tfamerce.vercel.app/assets/images/product/office/product-1_2.jpg]
[tfamerce.vercel.app/assets/images/product/office/product-2.jpg]
[tfamerce.vercel.app/assets/images/product/office/product-2_2.jpg]
[tfamerce.vercel.app/assets/images/product/office/product-3.jpg]
[tfamerce.vercel.app/assets/images/product/office/product-3_2.jpg]
[tfamerce.vercel.app/assets/images/slider/office/slider-1.jpg]
[tfamerce.vercel.app/assets/images/slider/office/slider-2.jpg]
[tfamerce.vercel.app/assets/images/slider/office/slider-3.jpg]
[tfamerce.vercel.app/assets/images/category/office/cate-2.jpg]
[tfamerce.vercel.app/assets/images/category/office/cate-3.jpg]
[tfamerce.vercel.app/assets/images/category/office/cate-4.jpg]
[tfamerce.vercel.app/assets/images/category/office/cate-5.jpg]
[tfamerce.vercel.app/assets/images/category/office/cate-6.jpg]
[tfamerce.vercel.app/assets/images/category/office/cate-7.jpg]
[tfamerce.vercel.app/assets/images/category/office/cate-8.jpg]
[tfamerce.vercel.app/assets/images/product/office/product-4.jpg]
[tfamerce.vercel.app/assets/images/product/office/product-4_2.jpg]
[tfamerce.vercel.app/assets/images/section/banner-lookbook-13.jpg]
[tfamerce.vercel.app/assets/images/product/office/product-7.jpg]
[tfamerce.vercel.app/assets/images/product/office/product-9.jpg]
[tfamerce.vercel.app/assets/images/section/feature-tech.jpg]
[tfamerce.vercel.app/assets/images/category/png/cate-13.png]
[tfamerce.vercel.app/assets/images/category/png/cate-14.png]
[tfamerce.vercel.app/assets/images/category/png/cate-15.png]
[tfamerce.vercel.app/assets/images/category/png/cate-16.png]
[tfamerce.vercel.app/assets/images/category/png/cate-17.png]
[tfamerce.vercel.app/assets/images/product/office/product-9_2.jpg]
[tfamerce.vercel.app/assets/images/product/office/product-10.jpg]
[tfamerce.vercel.app/assets/images/product/office/product-10_2.jpg]
[tfamerce.vercel.app/assets/images/product/office/product-11.jpg]
[tfamerce.vercel.app/assets/images/product/office/product-11_2.jpg]
[tfamerce.vercel.app/assets/images/product/office/product-12.jpg]
[tfamerce.vercel.app/assets/images/product/office/product-12_2.jpg]
[tfamerce.vercel.app/assets/images/product/office/product-13.jpg]
[tfamerce.vercel.app/assets/images/product/office/product-13_2.jpg]
[tfamerce.vercel.app/assets/images/product/office/product-14.jpg]
[tfamerce.vercel.app/assets/images/product/office/product-14_2.jpg]
[tfamerce.vercel.app/assets/images/product/office/product-15.jpg]
[tfamerce.vercel.app/assets/images/product/office/product-15_2.jpg]
[tfamerce.vercel.app/assets/images/product/office/product-16.jpg]
[tfamerce.vercel.app/assets/images/product/office/product-16_2.jpg]
[tfamerce.vercel.app/assets/images/product/office/product-5.jpg]
[tfamerce.vercel.app/assets/images/product/office/product-5_2.jpg]
[tfamerce.vercel.app/assets/images/product/office/product-6.jpg]
[tfamerce.vercel.app/assets/images/product/office/product-6_2.jpg]
[tfamerce.vercel.app/assets/images/product/office/product-7_2.jpg]
[tfamerce.vercel.app/assets/images/product/office/product-8.jpg]
[tfamerce.vercel.app/assets/images/product/office/product-8_2.jpg]
[tfamerce.vercel.app/assets/images/product/office/product-17.jpg]
[tfamerce.vercel.app/assets/images/product/office/product-17_2.jpg]
[tfamerce.vercel.app/assets/images/product/office/product-18.jpg]
[tfamerce.vercel.app/assets/images/product/office/product-18_2.jpg]
[tfamerce.vercel.app/assets/images/product/office/product-19.jpg]
[tfamerce.vercel.app/assets/images/product/office/product-19_2.jpg]
[tfamerce.vercel.app/assets/images/product/office/product-20.jpg]
[tfamerce.vercel.app/assets/images/product/office/product-20_2.jpg]
[tfamerce.vercel.app/assets/images/product/office/product-21.jpg]
[tfamerce.vercel.app/assets/images/product/office/product-21_2.jpg]
[tfamerce.vercel.app/assets/images/product/office/product-21_3.jpg]
[tfamerce.vercel.app/assets/images/product/office/product-22.jpg]
[tfamerce.vercel.app/assets/images/product/office/product-22_2.jpg]
[tfamerce.vercel.app/assets/images/product/office/product-22_3.jpg]
[tfamerce.vercel.app/assets/images/product/office/product-22_4.jpg]
[tfamerce.vercel.app/assets/images/product/office/product-23.jpg]
[tfamerce.vercel.app/assets/images/product/office/product-23_2.jpg]
[tfamerce.vercel.app/assets/images/product/office/product-24.jpg]
[tfamerce.vercel.app/assets/images/product/office/product-24_2.jpg]
[tfamerce.vercel.app/assets/images/section/banner-65.jpg]
[tfamerce.vercel.app/assets/images/blog/blog-42.jpg]
[tfamerce.vercel.app/assets/images/blog/blog-43.jpg]
[tfamerce.vercel.app/assets/images/blog/blog-44.jpg]
[tfamerce.vercel.app/assets/images/gallery/gallery-67.jpg]
[tfamerce.vercel.app/assets/images/gallery/gallery-68.jpg]
[tfamerce.vercel.app/assets/images/gallery/gallery-69.jpg]
[tfamerce.vercel.app/assets/images/gallery/gallery-70.jpg]
[tfamerce.vercel.app/assets/images/gallery/gallery-71.jpg]
[tfamerce.vercel.app/assets/images/gallery/gallery-72.jpg]
[tfamerce.vercel.app/assets/images/gallery/gallery-73.jpg]
[tfamerce.vercel.app/home-office-equipment.html]
[tfamerce.vercel.app/assets/images/category/fashion-3/cate-1.jpg]
[tfamerce.vercel.app/assets/images/product/fashion-3/product-1.jpg]
[tfamerce.vercel.app/assets/images/product/fashion-3/product-1_2.jpg]
[tfamerce.vercel.app/assets/images/product/fashion-3/product-1_4.jpg]
[tfamerce.vercel.app/assets/images/product/fashion-3/product-2.jpg]
[tfamerce.vercel.app/assets/images/product/fashion-3/product-2_2.jpg]
[tfamerce.vercel.app/assets/images/product/fashion-3/product-2_3.jpg]
[tfamerce.vercel.app/assets/images/product/fashion-3/product-2_4.jpg]
[tfamerce.vercel.app/assets/images/product/fashion-3/product-3.jpg]
[tfamerce.vercel.app/assets/images/product/fashion-3/product-3_2.jpg]
[tfamerce.vercel.app/assets/images/slider/fashion-3/slider-1.jpg]
[tfamerce.vercel.app/assets/images/slider/fashion-3/slider-2.jpg]
[tfamerce.vercel.app/assets/images/slider/fashion-3/slider-3.jpg]
[tfamerce.vercel.app/assets/images/category/fashion-3/cate-2.jpg]
[tfamerce.vercel.app/assets/images/category/fashion-3/cate-3.jpg]
[tfamerce.vercel.app/assets/images/category/fashion-3/cate-4.jpg]
[tfamerce.vercel.app/assets/images/category/fashion-3/cate-5.jpg]
[tfamerce.vercel.app/assets/images/product/fashion-3/product-4.jpg]
[tfamerce.vercel.app/assets/images/product/fashion-3/product-4_2.jpg]
[tfamerce.vercel.app/assets/images/product/fashion-3/product-4_3.jpg]
[tfamerce.vercel.app/assets/images/product/fashion-3/product-4_4.jpg]
[tfamerce.vercel.app/assets/images/product/fashion-3/product-5.jpg]
[tfamerce.vercel.app/assets/images/product/fashion-3/product-5_2.jpg]
[tfamerce.vercel.app/assets/images/section/banner-66.jpg]
[tfamerce.vercel.app/assets/images/section/banner-67.jpg]
[tfamerce.vercel.app/assets/images/product/fashion-3/product-6.jpg]
[tfamerce.vercel.app/assets/images/product/fashion-3/product-6_2.jpg]
[tfamerce.vercel.app/assets/images/product/fashion-3/product-7.jpg]
[tfamerce.vercel.app/assets/images/product/fashion-3/product-7_2.jpg]
[tfamerce.vercel.app/assets/images/product/fashion-3/product-7_3.jpg]
[tfamerce.vercel.app/assets/images/product/fashion-3/product-8.jpg]
[tfamerce.vercel.app/assets/images/product/fashion-3/product-8_2.jpg]
[tfamerce.vercel.app/assets/images/product/fashion-3/product-9.jpg]
[tfamerce.vercel.app/assets/images/product/fashion-3/product-9_2.jpg]
[tfamerce.vercel.app/assets/images/product/fashion-3/product-9_3.jpg]
[tfamerce.vercel.app/assets/images/product/fashion-3/product-10.jpg]
[tfamerce.vercel.app/assets/images/product/fashion-3/product-10_2.jpg]
[tfamerce.vercel.app/assets/images/product/fashion-3/product-10_3.jpg]
[tfamerce.vercel.app/assets/images/section/banner-68.jpg]
[tfamerce.vercel.app/assets/images/product/fashion-3/product-11.jpg]
[tfamerce.vercel.app/assets/images/product/fashion-3/product-11_2.jpg]
[tfamerce.vercel.app/assets/images/item/feature-shoe.png]
[tfamerce.vercel.app/assets/images/testimonial/tes-29.jpg]
[tfamerce.vercel.app/assets/images/testimonial/tes-30.jpg]
[tfamerce.vercel.app/assets/images/blog/blog-45.jpg]
[tfamerce.vercel.app/assets/images/blog/blog-46.jpg]
[tfamerce.vercel.app/assets/images/blog/blog-47.jpg]
[tfamerce.vercel.app/assets/images/gallery/gallery-74.jpg]
[tfamerce.vercel.app/assets/images/gallery/gallery-75.jpg]
[tfamerce.vercel.app/assets/images/gallery/gallery-76.jpg]
[tfamerce.vercel.app/assets/images/gallery/gallery-77.jpg]
[tfamerce.vercel.app/assets/images/gallery/gallery-78.jpg]
[tfamerce.vercel.app/assets/images/product/fashion-3/product-1_3.jpg]
[tfamerce.vercel.app/assets/images/product/fashion-3/product-1_5.jpg]
[tfamerce.vercel.app/assets/images/product/fashion-3/product-1_6.jpg]
[tfamerce.vercel.app/home-sneaker.html]
[tfamerce.vercel.app/assets/images/product/product-9.jpg]
[tfamerce.vercel.app/assets/images/product/product-9_2.jpg]
[tfamerce.vercel.app/assets/images/product/product-9_3.jpg]
[tfamerce.vercel.app/assets/js/plugin/nouislider.min.js]
[tfamerce.vercel.app/shop-default.html]
[tfamerce.vercel.app/shop-left-sidebar.html]
[tfamerce.vercel.app/shop-right-sidebar.html]
[tfamerce.vercel.app/assets/js/shop.js]
[tfamerce.vercel.app/assets/images/product/product-11.jpg]
[tfamerce.vercel.app/assets/images/product/product-12.jpg]
[tfamerce.vercel.app/assets/images/product/product-12_2.jpg]
[tfamerce.vercel.app/shop-full-width.html]
[tfamerce.vercel.app/assets/images/collection/cls-19.jpg]
[tfamerce.vercel.app/assets/images/collection/cls-20.jpg]
[tfamerce.vercel.app/assets/images/collection/cls-21.jpg]
[tfamerce.vercel.app/assets/images/collection/cls-22.jpg]
[tfamerce.vercel.app/assets/images/collection/cls-23.jpg]
[tfamerce.vercel.app/assets/images/collection/cls-24.jpg]
[tfamerce.vercel.app/assets/images/collection/cls-25.jpg]
[tfamerce.vercel.app/assets/images/collection/cls-26.jpg]
[tfamerce.vercel.app/collection.html]
[tfamerce.vercel.app/shop-sub-collection.html]
[tfamerce.vercel.app/shop-load-more-button.html]
[tfamerce.vercel.app/shop-infinity-scroll.html]
[tfamerce.vercel.app/shop-filter-sidebar.html]
[tfamerce.vercel.app/shop-filter-hidden.html]
[tfamerce.vercel.app/shop-filter-dropdown.html]
[tfamerce.vercel.app/shop-filter-drawer.html]
[tfamerce.vercel.app/shop-hover-01.html]
[tfamerce.vercel.app/shop-hover-02.html]
[tfamerce.vercel.app/shop-hover-03.html]
[tfamerce.vercel.app/shop-hover-04.html]
[tfamerce.vercel.app/shop-hover-05.html]
[tfamerce.vercel.app/shop-hover-06.html]
[tfamerce.vercel.app/wishlist.html]
[tfamerce.vercel.app/search-result.html]
[tfamerce.vercel.app/view-cart.html]
[tfamerce.vercel.app/login.html]
[tfamerce.vercel.app/forget-password.html]
[tfamerce.vercel.app/track-order.html]
[tfamerce.vercel.app/account-orders.html]
[tfamerce.vercel.app/account-addresses.html]
[tfamerce.vercel.app/account-setting.html]
[tfamerce.vercel.app/assets/images/product/square/product-1_2.jpg]
[tfamerce.vercel.app/assets/images/product/square/product-2.jpg]
[tfamerce.vercel.app/assets/images/product/square/product-4_2.jpg]
[tfamerce.vercel.app/assets/images/product/square/product-5_3.jpg]
[tfamerce.vercel.app/assets/images/product/square/product-7_2.jpg]
[tfamerce.vercel.app/assets/images/product/square/product-9_2.jpg]
[tfamerce.vercel.app/account-page.html]
[tfamerce.vercel.app/product-right-thumbnail.html]
[tfamerce.vercel.app/assets/images/product/single/img_square/detail-1_6.jpg]
[tfamerce.vercel.app/product-bottom-thumbnail.html]
[tfamerce.vercel.app/product-grid.html]
[tfamerce.vercel.app/product-grid-2.html]
[tfamerce.vercel.app/product-stacked.html]
[tfamerce.vercel.app/product-description-accordion.html]
[tfamerce.vercel.app/product-inner-zoom.html]
[tfamerce.vercel.app/product-inner-circle-zoom.html]
[tfamerce.vercel.app/product-no-zoom.html]
[tfamerce.vercel.app/product-external-zoom.html]
[tfamerce.vercel.app/product-open-lightbox.html]
[tfamerce.vercel.app/assets/images/video/video-product.mp4]
[tfamerce.vercel.app/product-video.html]
[tfamerce.vercel.app/product-3d.html]
[tfamerce.vercel.app/product-group.html]
[tfamerce.vercel.app/product-affiliate.html]
[tfamerce.vercel.app/product-out-of-stock.html]
[tfamerce.vercel.app/product-together.html]
[tfamerce.vercel.app/product-countdown-timer.html]
[tfamerce.vercel.app/product-volume-discount-thumbnail.html]
[tfamerce.vercel.app/product-available.html]
[tfamerce.vercel.app/product-pre-order.html]
[tfamerce.vercel.app/product-deals.html]
[tfamerce.vercel.app/product-customer-note.html]
[tfamerce.vercel.app/product-buyX-getY.html]
[tfamerce.vercel.app/product-swatch-color.html]
[tfamerce.vercel.app/product-swatch-image.html]
[tfamerce.vercel.app/product-swatch-rounded.html]
[tfamerce.vercel.app/product-swatch-rounded-color.html]
[tfamerce.vercel.app/product-swatch-rounded-image.html]
[tfamerce.vercel.app/product-swatch-dropdown.html]
[tfamerce.vercel.app/product-swatch-dropdown-color.html]
[tfamerce.vercel.app/assets/js/plugin/model-viewer.min.js]
[tfamerce.vercel.app/assets/images/blog/blog-1.jpg]
[tfamerce.vercel.app/assets/images/blog/blog-2.jpg]
[tfamerce.vercel.app/assets/images/blog/blog-3.jpg]
[tfamerce.vercel.app/assets/images/blog/blog-4.jpg]
[tfamerce.vercel.app/assets/images/video/clothing-3d.glb]
[tfamerce.vercel.app/assets/images/blog/blog-5.jpg]
[tfamerce.vercel.app/assets/images/blog/blog-6.jpg]
[tfamerce.vercel.app/assets/images/blog/recent-1.jpg]
[tfamerce.vercel.app/assets/images/blog/recent-2.jpg]
[tfamerce.vercel.app/assets/images/blog/recent-3.jpg]
[tfamerce.vercel.app/assets/images/blog/recent-4.jpg]
[tfamerce.vercel.app/blog.html]
[tfamerce.vercel.app/assets/images/blog/detail-1.jpg]
[tfamerce.vercel.app/assets/images/blog/detail-2.jpg]
[tfamerce.vercel.app/assets/images/blog/detail-3.jpg]
[tfamerce.vercel.app/blog-single.html]
[tfamerce.vercel.app/assets/css/odometer.min.css]
[tfamerce.vercel.app/assets/images/section/s-contact-1.jpg]
[tfamerce.vercel.app/assets/images/section/s-contact-2.jpg]
[tfamerce.vercel.app/assets/images/product/square/product-4.jpg]
[tfamerce.vercel.app/assets/images/product/square/product-6.jpg]
[tfamerce.vercel.app/assets/images/member/member-1.jpg]
[tfamerce.vercel.app/assets/images/member/member-2.jpg]
[tfamerce.vercel.app/assets/images/member/member-3.jpg]
[tfamerce.vercel.app/assets/images/member/member-4.jpg]
[tfamerce.vercel.app/assets/js/plugin/odometer.min.js]
[tfamerce.vercel.app/about.html]
[tfamerce.vercel.app/contact.html]
[tfamerce.vercel.app/assets/js/plugin/countto.js]
[tfamerce.vercel.app/assets/images/section/store-1.jpg]
[tfamerce.vercel.app/assets/images/section/store-2.jpg]
[tfamerce.vercel.app/assets/images/section/store-3.jpg]
[tfamerce.vercel.app/assets/images/section/store-4.jpg]
[tfamerce.vercel.app/assets/images/section/store-5.jpg]
[tfamerce.vercel.app/our-store.html]
[tfamerce.vercel.app/invoice.html]
[tfamerce.vercel.app/404.html]
[tfamerce.vercel.app/compare.html]
[tfamerce.vercel.app/assets/images/logo/logo.svg]
[tfamerce.vercel.app/shipping.html]
[tfamerce.vercel.app/return-and-refund.html]
[tfamerce.vercel.app/privacy-policy.html]
[tfamerce.vercel.app/term-and-condition.html]
[tfamerce.vercel.app/faq.html]
[tfamerce.vercel.app/assets/images/payment/visa.svg]
[tfamerce.vercel.app/assets/images/payment/master-card.svg]
[tfamerce.vercel.app/assets/images/payment/amex.svg]
[tfamerce.vercel.app/assets/images/payment/paypal.svg]
[tfamerce.vercel.app/assets/images/payment/water.svg]
[tfamerce.vercel.app/assets/images/payment/discover.svg]
[tfamerce.vercel.app/assets/images/section/404.svg]
[tfamerce.vercel.app/checkout.html]
[tfamerce.vercel.app/assets/icon/icomoon/fonts/icomoon5ce1.svg]
[tfamerce.vercel.app/assets/css/bootstrap-select.min.css]
[tfamerce.vercel.app/assets/images/cursor-close.svg]
[tfamerce.vercel.app/assets/css/drift-basic.min.css]
[tfamerce.vercel.app/assets/css/photoswipe.css]
[tfamerce.vercel.app/assets/images/brand/findr.svg]
[tfamerce.vercel.app/assets/images/brand/intdeco.svg]
[tfamerce.vercel.app/assets/images/brand/sopify.svg]
[tfamerce.vercel.app/assets/images/brand/modave.svg]
[tfamerce.vercel.app/assets/images/brand/vanfava.svg]
[tfamerce.vercel.app/register.html]
[tfamerce.vercel.app/assets/images/logo/logo-white.svg]
[tfamerce.vercel.app/assets/css/image-compare-viewer.min.css]
[tfamerce.vercel.app/assets/images/product/404.html]
[tfamerce.vercel.app/assets/images/brand/shangxi.svg]
[tfamerce.vercel.app/assets/images/brand/cheryl.svg]
[tfamerce.vercel.app/assets/images/brand/vanfaba.svg]
[tfamerce.vercel.app/assets/images/brand/carolin.svg]
[tfamerce.vercel.app/assets/images/brand/panadoxn.svg]
[tfamerce.vercel.app/assets/images/brand/textitles.svg]
[tfamerce.vercel.app/assets/images/payment/paypal-2.svg]
[tfamerce.vercel.app/assets/images/product/square/product-1.jpg]
[tfamerce.vercel.app/assets/images/product/square/product-3.jpg]
[tfamerce.vercel.app/assets/images/product/square/product-8.jpg]
[tfamerce.vercel.app/account-orders.html]
[tfamerce.vercel.app/account-addresses.html]
[tfamerce.vercel.app/account-setting.html]
[tfamerce.vercel.app/assets/css/odometer.min.css]
[tfamerce.vercel.app/assets/images/section/404.svg]
[tfamerce.vercel.app/assets/images/payment/paypal-2.svg]
